#
# A fatal error has been detected by the Java Runtime Environment:
#
#  SIGSEGV (0xb) at pc=0x6a74b972, pid=5849, tid=1682213744
#
# JRE version: 6.0_24-b24
# Java VM: OpenJDK Server VM (20.0-b12 mixed mode linux-x86 )
# Derivative: IcedTea6 1.11.4
# Distribution: Ubuntu 11.10, package 6b24-1.11.4-1ubuntu0.11.10.1
# Problematic frame:
# C  [libnvidia-glcore.so.295.20+0x1384972]  _nv005glcore+0x1db3f2
#
# If you would like to submit a bug report, please include
# instructions how to reproduce the bug and visit:
#   https://bugs.launchpad.net/ubuntu/+source/openjdk-6/
# The crash happened outside the Java Virtual Machine in native code.
# See problematic frame for where to report the bug.
#

---------------  T H R E A D  ---------------

Current thread (0x0a319800):  JavaThread "AWT-EventQueue-0" [_thread_in_native, id=5968, stack(0x643f8000,0x64449000)]

siginfo:si_signo=SIGSEGV: si_errno=0, si_code=1 (SEGV_MAPERR), si_addr=0x00000000

Registers:
EAX=0x3ed50487, EBX=0x00000000, ECX=0xbf31b384, EDX=0x3f16611a
ESP=0x64446e90, EBP=0x00000010, ESI=0x00001000, EDI=0x00000000
EIP=0x6a74b972, EFLAGS=0x00210206, CR2=0x00000000

Top of Stack: (sp=0x64446e90)
0x64446e90:   64362008 00000018 00000000 00000000
0x64446ea0:   00000001 00000000 00000040 68c8fe20
0x64446eb0:   09cab390 68c73000 09f05298 6a21b6c1
0x64446ec0:   68c73000 09cab390 00000004 00000004
0x64446ed0:   b76bc400 0000000a b75b1643 00c5789a
0x64446ee0:   00000001 09ca9ce8 68c73000 0a1ae318
0x64446ef0:   00000000 b7100ff4 9e97646c b6c4a952
0x64446f00:   00000000 00000004 64446fb8 6b0787d1 

Instructions: (pc=0x6a74b972)
0x6a74b952:   28 85 f6 78 37 8b 4c 24 18 c1 e6 0a 81 e6 00 fc
0x6a74b962:   ff 00 8d 04 0a 8b 58 0c 8b 48 08 8b 50 04 8b 00
0x6a74b972:   c7 07 00 0f 14 00 0b 74 24 10 89 57 0c 89 47 08
0x6a74b982:   89 77 04 89 4f 10 89 5f 14 83 c7 18 ff 44 24 14 

Register to memory mapping:

EAX=0x3ed50487 is an unknown value
EBX=0x00000000 is an unknown value
ECX=0xbf31b384 is an unknown value
EDX=0x3f16611a is an unknown value
ESP=0x64446e90 is pointing into the stack for thread: 0x0a319800
EBP=0x00000010 is an unknown value
ESI=0x00001000 is an unknown value
EDI=0x00000000 is an unknown value


Stack: [0x643f8000,0x64449000],  sp=0x64446e90,  free space=315k
Native frames: (J=compiled Java code, j=interpreted, Vv=VM code, C=native code)
C  [libnvidia-glcore.so.295.20+0x1384972]  _nv005glcore+0x1db3f2

[error occurred during error reporting (printing native stack), id 0xb]

Java frames: (J=compiled Java code, j=interpreted, Vv=VM code)
j  jogamp.opengl.gl4.GL4bcImpl.dispatch_glUniformMatrix4fv1(IIZLjava/lang/Object;IZJ)V+0
j  jogamp.opengl.gl4.GL4bcImpl.glUniformMatrix4fv(IIZ[FI)V+104
j  jrtr.GLRenderContext.draw(Ljrtr/RenderItem;)V+102
j  jrtr.GLRenderContext.display(Ljavax/media/opengl/GLAutoDrawable;)V+48
j  jrtr.GLRenderPanel$GLRenderContextEventListener.display(Ljavax/media/opengl/GLAutoDrawable;)V+5
j  jogamp.opengl.GLDrawableHelper.displayImpl(Ljavax/media/opengl/GLAutoDrawable;)V+47
j  jogamp.opengl.GLDrawableHelper.display(Ljavax/media/opengl/GLAutoDrawable;)V+2
j  javax.media.opengl.awt.GLCanvas$7.run()V+118
j  jogamp.opengl.GLDrawableHelper.invokeGLImpl(Ljavax/media/opengl/GLDrawable;Ljavax/media/opengl/GLContext;Ljava/lang/Runnable;Ljava/lang/Runnable;Ljavax/media/opengl/GLAutoDrawable;)V+137
j  jogamp.opengl.GLDrawableHelper.invokeGL(Ljavax/media/opengl/GLDrawable;Ljavax/media/opengl/GLContext;Ljava/lang/Runnable;Ljava/lang/Runnable;)V+85
j  javax.media.opengl.awt.GLCanvas$9.run()V+59
j  javax.media.opengl.Threading.invoke(ZLjava/lang/Runnable;Ljava/lang/Object;)V+33
j  javax.media.opengl.awt.GLCanvas.display()V+9
j  javax.media.opengl.awt.GLCanvas.paint(Ljava/awt/Graphics;)V+135
j  javax.media.opengl.awt.GLCanvas.update(Ljava/awt/Graphics;)V+2
j  sun.awt.RepaintArea.updateComponent(Ljava/awt/Component;Ljava/awt/Graphics;)V+6
j  sun.awt.X11.XRepaintArea.updateComponent(Ljava/awt/Component;Ljava/awt/Graphics;)V+23
j  sun.awt.RepaintArea.paint(Ljava/lang/Object;Z)V+263
j  sun.awt.X11.XComponentPeer.handleEvent(Ljava/awt/AWTEvent;)V+224
j  java.awt.Component.dispatchEventImpl(Ljava/awt/AWTEvent;)V+877
j  java.awt.Component.dispatchEvent(Ljava/awt/AWTEvent;)V+2
j  java.awt.EventQueue.dispatchEventImpl(Ljava/awt/AWTEvent;Ljava/lang/Object;)V+41
j  java.awt.EventQueue.access$400(Ljava/awt/EventQueue;Ljava/awt/AWTEvent;Ljava/lang/Object;)V+3
j  java.awt.EventQueue$2.run()Ljava/lang/Void;+12
j  java.awt.EventQueue$2.run()Ljava/lang/Object;+1
v  ~StubRoutines::call_stub
j  java.security.AccessController.doPrivileged(Ljava/security/PrivilegedAction;Ljava/security/AccessControlContext;)Ljava/lang/Object;+0
j  java.security.AccessControlContext$1.doIntersectionPrivilege(Ljava/security/PrivilegedAction;Ljava/security/AccessControlContext;Ljava/security/AccessControlContext;)Ljava/lang/Object;+28
j  java.security.AccessControlContext$1.doIntersectionPrivilege(Ljava/security/PrivilegedAction;Ljava/security/AccessControlContext;)Ljava/lang/Object;+6
j  java.awt.EventQueue$3.run()Ljava/lang/Void;+11
j  java.awt.EventQueue$3.run()Ljava/lang/Object;+1
v  ~StubRoutines::call_stub
j  java.security.AccessController.doPrivileged(Ljava/security/PrivilegedAction;Ljava/security/AccessControlContext;)Ljava/lang/Object;+0
j  java.security.AccessControlContext$1.doIntersectionPrivilege(Ljava/security/PrivilegedAction;Ljava/security/AccessControlContext;Ljava/security/AccessControlContext;)Ljava/lang/Object;+28
j  java.awt.EventQueue.dispatchEvent(Ljava/awt/AWTEvent;)V+73
j  java.awt.EventDispatchThread.pumpOneEventForFilters(I)Z+192
j  java.awt.EventDispatchThread.pumpEventsForFilter(ILjava/awt/Conditional;Ljava/awt/EventFilter;)V+30
j  java.awt.EventDispatchThread.pumpEventsForHierarchy(ILjava/awt/Conditional;Ljava/awt/Component;)V+11
j  java.awt.EventDispatchThread.pumpEvents(ILjava/awt/Conditional;)V+4
j  java.awt.EventDispatchThread.pumpEvents(Ljava/awt/Conditional;)V+3
j  java.awt.EventDispatchThread.run()V+9
v  ~StubRoutines::call_stub

---------------  P R O C E S S  ---------------

Java Threads: ( => current thread )
=>0x0a319800 JavaThread "AWT-EventQueue-0" [_thread_in_native, id=5968, stack(0x643f8000,0x64449000)]
  0x6b4ae000 JavaThread "AWT-EventQueue-0" [_thread_blocked, id=5967, stack(0x64649000,0x6469a000)]
  0x6b497800 JavaThread "AWT-EventQueue-0" [_thread_blocked, id=5966, stack(0x64a9a000,0x64aeb000)]
  0x0a301800 JavaThread "AWT-EventQueue-0" [_thread_blocked, id=5965, stack(0x64ceb000,0x64d3c000)]
  0x0a2ea000 JavaThread "AWT-EventQueue-0" [_thread_blocked, id=5964, stack(0x64f3c000,0x64f8d000)]
  0x0a2d1000 JavaThread "AWT-EventQueue-0" [_thread_blocked, id=5963, stack(0x6518d000,0x651de000)]
  0x0a2b9800 JavaThread "AWT-EventQueue-0" [_thread_blocked, id=5962, stack(0x653de000,0x6542f000)]
  0x0a2a2000 JavaThread "AWT-EventQueue-0" [_thread_blocked, id=5961, stack(0x6562f000,0x65680000)]
  0x0a28a800 JavaThread "AWT-EventQueue-0" [_thread_blocked, id=5960, stack(0x65880000,0x658d1000)]
  0x0a270000 JavaThread "AWT-EventQueue-0" [_thread_blocked, id=5959, stack(0x65ad1000,0x65b22000)]
  0x0a258800 JavaThread "AWT-EventQueue-0" [_thread_blocked, id=5958, stack(0x65d22000,0x65d73000)]
  0x6b47dc00 JavaThread "AWT-EventQueue-0" [_thread_blocked, id=5957, stack(0x65f73000,0x65fc4000)]
  0x0a241000 JavaThread "AWT-EventQueue-0" [_thread_blocked, id=5956, stack(0x661c4000,0x66215000)]
  0x0a229800 JavaThread "AWT-EventQueue-0" [_thread_blocked, id=5955, stack(0x66415000,0x66466000)]
  0x0a1f7000 JavaThread "AWT-EventQueue-0" [_thread_blocked, id=5954, stack(0x66666000,0x666b7000)]
  0x0a1e2400 JavaThread "AWT-EventQueue-0" [_thread_blocked, id=5953, stack(0x668b7000,0x66908000)]
  0x0a1cd400 JavaThread "AWT-EventQueue-0" [_thread_blocked, id=5952, stack(0x66d08000,0x66d59000)]
  0x0a1b8800 JavaThread "AWT-EventQueue-0" [_thread_blocked, id=5951, stack(0x66f59000,0x66faa000)]
  0x09fc5800 JavaThread "AWT-EventQueue-0" [_thread_blocked, id=5950, stack(0x671aa000,0x671fb000)]
  0x09fb0c00 JavaThread "AWT-EventQueue-0" [_thread_blocked, id=5949, stack(0x673fb000,0x6744c000)]
  0x09f9a800 JavaThread "AWT-EventQueue-0" [_thread_blocked, id=5948, stack(0x6764c000,0x6769d000)]
  0x09d09c00 JavaThread "AWT-EventQueue-0" [_thread_blocked, id=5947, stack(0x6789d000,0x678ee000)]
  0x09e5bc00 JavaThread "AWT-EventQueue-0" [_thread_blocked, id=5946, stack(0x67aee000,0x67b3f000)]
  0x09e48800 JavaThread "AWT-EventQueue-0" [_thread_blocked, id=5945, stack(0x67d3e000,0x67d8f000)]
  0x09d71c00 JavaThread "AWT-EventQueue-0" [_thread_blocked, id=5943, stack(0x67f8a000,0x67fdb000)]
  0x09d5e400 JavaThread "AWT-EventQueue-0" [_thread_blocked, id=5942, stack(0x681d2000,0x68223000)]
  0x09f0f800 JavaThread "AWT-EventQueue-0" [_thread_blocked, id=5941, stack(0x6841a000,0x6846b000)]
  0x09d2a800 JavaThread "AWT-EventQueue-0" [_thread_blocked, id=5940, stack(0x68662000,0x686b3000)]
  0x0a0aac00 JavaThread "AWT-EventQueue-0" [_thread_blocked, id=5939, stack(0x68849000,0x6889a000)]
  0x09c53c00 JavaThread "Timer-0" [_thread_blocked, id=5938, stack(0x6889a000,0x688eb000)]
  0x6bfec000 JavaThread "DestroyJavaVM" [_thread_blocked, id=5855, stack(0xb671a000,0xb676b000)]
  0x6b468000 JavaThread "main-SharedResourceRunner" daemon [_thread_blocked, id=5937, stack(0x692ed000,0x6933e000)]
  0x6b460c00 JavaThread "AWT-EventQueue-0" [_thread_blocked, id=5936, stack(0x6b0f7000,0x6b148000)]
  0x6b460000 JavaThread "AWT-Shutdown" [_thread_blocked, id=5935, stack(0x6b148000,0x6b199000)]
  0x6b453c00 JavaThread "AWT-XAWT" daemon [_thread_blocked, id=5934, stack(0x6b51a000,0x6b56b000)]
  0x6b8e8c00 JavaThread "Java2D Disposer" daemon [_thread_blocked, id=5933, stack(0x6b2b3000,0x6b304000)]
  0x6bfa0c00 JavaThread "Low Memory Detector" daemon [_thread_blocked, id=5871, stack(0x6ba28000,0x6ba79000)]
  0x6bf9ec00 JavaThread "C2 CompilerThread1" daemon [_thread_blocked, id=5870, stack(0x6ba79000,0x6bafa000)]
  0x6bf9c800 JavaThread "C2 CompilerThread0" daemon [_thread_blocked, id=5869, stack(0x6bafa000,0x6bb7b000)]
  0x09c37800 JavaThread "JDWP Command Reader" daemon [_thread_in_native, id=5865, stack(0x6bb7b000,0x6bbcc000)]
  0x6bf9a400 JavaThread "JDWP Event Helper Thread" daemon [_thread_blocked, id=5864, stack(0x6bbcc000,0x6bc1d000)]
  0x6bf97c00 JavaThread "JDWP Transport Listener: dt_socket" daemon [_thread_blocked, id=5863, stack(0x6bc1d000,0x6bc6e000)]
  0x6bf8f800 JavaThread "Signal Dispatcher" daemon [_thread_blocked, id=5861, stack(0x6bc7b000,0x6bccc000)]
  0x6bf80800 JavaThread "Finalizer" daemon [_thread_blocked, id=5860, stack(0x6bccc000,0x6bd1d000)]
  0x6bf7f000 JavaThread "Reference Handler" daemon [_thread_blocked, id=5859, stack(0x6bd1d000,0x6bd6e000)]

Other Threads:
  0x6bf7b000 VMThread [stack: 0x6c032000,0x6c0b3000] [id=5858]
  0x6bfa2c00 WatcherThread [stack: 0x6b9a7000,0x6ba28000] [id=5872]

VM state:not at safepoint (normal execution)

VM Mutex/Monitor currently owned by a thread: None

Heap
 PSYoungGen      total 18816K, used 6940K [0x9e460000, 0x9f950000, 0xb33b0000)
  eden space 16192K, 32% used [0x9e460000,0x9e990b40,0x9f430000)
  from space 2624K, 61% used [0x9f430000,0x9f5c67e8,0x9f6c0000)
  to   space 2624K, 0% used [0x9f6c0000,0x9f6c0000,0x9f950000)
 PSOldGen        total 42944K, used 0K [0x745b0000, 0x76fa0000, 0x9e460000)
  object space 42944K, 0% used [0x745b0000,0x745b0000,0x76fa0000)
 PSPermGen       total 16384K, used 13913K [0x6c5b0000, 0x6d5b0000, 0x745b0000)
  object space 16384K, 84% used [0x6c5b0000,0x6d3466e0,0x6d5b0000)

Code Cache  [0xb3473000, 0xb36b3000, 0xb6473000)
 total_blobs=434 nmethods=51 adapters=346 free_code_cache=49808640 largest_free_block=17344

Dynamic libraries:
08048000-08051000 r-xp 00000000 fc:00 5907761    /usr/lib/jvm/java-6-openjdk/jre/bin/java
08051000-08052000 r--p 00008000 fc:00 5907761    /usr/lib/jvm/java-6-openjdk/jre/bin/java
08052000-08053000 rw-p 00009000 fc:00 5907761    /usr/lib/jvm/java-6-openjdk/jre/bin/java
09c22000-0a38c000 rw-p 00000000 00:00 0          [heap]
641f7000-641f8000 rw-p 00000000 00:00 0 
641f8000-642f8000 rw-s 27781000 00:05 10477      /dev/nvidia0
64362000-643f8000 rw-p 00000000 00:00 0 
643f8000-643fb000 ---p 00000000 00:00 0 
643fb000-64449000 rw-p 00000000 00:00 0 
64449000-64549000 rw-s 2f637000 00:05 10477      /dev/nvidia0
64549000-6454d000 rw-s 2f62d000 00:05 10477      /dev/nvidia0
6454d000-6454e000 rw-s c005c000 00:05 10477      /dev/nvidia0
6454e000-6454f000 rw-s 2f629000 00:05 10477      /dev/nvidia0
6454f000-64550000 rw-s d2c42000 00:05 10477      /dev/nvidia0
64550000-64590000 rw-s 275a2000 00:05 10477      /dev/nvidia0
64590000-645b0000 rw-s 2756b000 00:05 10477      /dev/nvidia0
645b0000-645b1000 rw-s d2641000 00:05 10477      /dev/nvidia0
645b1000-645b2000 rw-s 2c350000 00:05 10477      /dev/nvidia0
645b2000-645b3000 rw-s 2756a000 00:05 10477      /dev/nvidia0
645b3000-64649000 rw-p 00000000 00:00 0 
64649000-6464c000 ---p 00000000 00:00 0 
6464c000-6469a000 rw-p 00000000 00:00 0 
6469a000-6489a000 rw-s 2f75e000 00:05 10477      /dev/nvidia0
6489a000-6499a000 rw-s 2f64e000 00:05 10477      /dev/nvidia0
6499a000-6499e000 rw-s 2f622000 00:05 10477      /dev/nvidia0
6499e000-6499f000 rw-s c0059000 00:05 10477      /dev/nvidia0
6499f000-649a0000 rw-s 2f642000 00:05 10477      /dev/nvidia0
649a0000-649a1000 rw-s d2c40000 00:05 10477      /dev/nvidia0
649a1000-649e1000 rw-s 2afe4000 00:05 10477      /dev/nvidia0
649e1000-64a01000 rw-s 2afc2000 00:05 10477      /dev/nvidia0
64a01000-64a02000 rw-s d2641000 00:05 10477      /dev/nvidia0
64a02000-64a03000 rw-s 2c350000 00:05 10477      /dev/nvidia0
64a03000-64a04000 rw-s 2afbf000 00:05 10477      /dev/nvidia0
64a04000-64a9a000 rw-p 00000000 00:00 0 
64a9a000-64a9d000 ---p 00000000 00:00 0 
64a9d000-64aeb000 rw-p 00000000 00:00 0 
64aeb000-64beb000 rw-s 2aeae000 00:05 10477      /dev/nvidia0
64beb000-64bef000 rw-s 2aea3000 00:05 10477      /dev/nvidia0
64bef000-64bf0000 rw-s c0056000 00:05 10477      /dev/nvidia0
64bf0000-64bf1000 rw-s 2aea1000 00:05 10477      /dev/nvidia0
64bf1000-64bf2000 rw-s d2c3e000 00:05 10477      /dev/nvidia0
64bf2000-64c32000 rw-s 2ae60000 00:05 10477      /dev/nvidia0
64c32000-64c52000 rw-s 2ae37000 00:05 10477      /dev/nvidia0
64c52000-64c53000 rw-s d2641000 00:05 10477      /dev/nvidia0
64c53000-64c54000 rw-s 2c350000 00:05 10477      /dev/nvidia0
64c54000-64c55000 rw-s 2ae36000 00:05 10477      /dev/nvidia0
64c55000-64ceb000 rw-p 00000000 00:00 0 
64ceb000-64cee000 ---p 00000000 00:00 0 
64cee000-64d3c000 rw-p 00000000 00:00 0 
64d3c000-64e3c000 rw-s 2db15000 00:05 10477      /dev/nvidia0
64e3c000-64e40000 rw-s 2db0b000 00:05 10477      /dev/nvidia0
64e40000-64e41000 rw-s c0053000 00:05 10477      /dev/nvidia0
64e41000-64e42000 rw-s 2ec1d000 00:05 10477      /dev/nvidia0
64e42000-64e43000 rw-s d2c3c000 00:05 10477      /dev/nvidia0
64e43000-64e83000 rw-s 2dac9000 00:05 10477      /dev/nvidia0
64e83000-64ea3000 rw-s 2ed9d000 00:05 10477      /dev/nvidia0
64ea3000-64ea4000 rw-s d2641000 00:05 10477      /dev/nvidia0
64ea4000-64ea5000 rw-s 2c350000 00:05 10477      /dev/nvidia0
64ea5000-64ea6000 rw-s 2ed97000 00:05 10477      /dev/nvidia0
64ea6000-64f3c000 rw-p 00000000 00:00 0 
64f3c000-64f3f000 ---p 00000000 00:00 0 
64f3f000-64f8d000 rw-p 00000000 00:00 0 
64f8d000-6508d000 rw-s 2ec29000 00:05 10477      /dev/nvidia0
6508d000-65091000 rw-s 2ec20000 00:05 10477      /dev/nvidia0
65091000-65092000 rw-s c0050000 00:05 10477      /dev/nvidia0
65092000-65093000 rw-s 2ec1e000 00:05 10477      /dev/nvidia0
65093000-65094000 rw-s d2c3a000 00:05 10477      /dev/nvidia0
65094000-650d4000 rw-s 2ed57000 00:05 10477      /dev/nvidia0
650d4000-650f4000 rw-s 2ed33000 00:05 10477      /dev/nvidia0
650f4000-650f5000 rw-s d2641000 00:05 10477      /dev/nvidia0
650f5000-650f6000 rw-s 2c350000 00:05 10477      /dev/nvidia0
650f6000-650f7000 rw-s 2ed31000 00:05 10477      /dev/nvidia0
650f7000-6518d000 rw-p 00000000 00:00 0 
6518d000-65190000 ---p 00000000 00:00 0 
65190000-651de000 rw-p 00000000 00:00 0 
651de000-652de000 rw-s 2cd1e000 00:05 10477      /dev/nvidia0
652de000-652e2000 rw-s 2cd14000 00:05 10477      /dev/nvidia0
652e2000-652e3000 rw-s c004d000 00:05 10477      /dev/nvidia0
652e3000-652e4000 rw-s 2cd11000 00:05 10477      /dev/nvidia0
652e4000-652e5000 rw-s d2c38000 00:05 10477      /dev/nvidia0
652e5000-65325000 rw-s 2f3d9000 00:05 10477      /dev/nvidia0
65325000-65345000 rw-s 2f3b4000 00:05 10477      /dev/nvidia0
65345000-65346000 rw-s d2641000 00:05 10477      /dev/nvidia0
65346000-65347000 rw-s 2c350000 00:05 10477      /dev/nvidia0
65347000-65348000 rw-s 2c714000 00:05 10477      /dev/nvidia0
65348000-653de000 rw-p 00000000 00:00 0 
653de000-653e1000 ---p 00000000 00:00 0 
653e1000-6542f000 rw-p 00000000 00:00 0 
6542f000-6552f000 rw-s 2f29d000 00:05 10477      /dev/nvidia0
6552f000-65533000 rw-s 2f293000 00:05 10477      /dev/nvidia0
65533000-65534000 rw-s c004a000 00:05 10477      /dev/nvidia0
65534000-65535000 rw-s 2f292000 00:05 10477      /dev/nvidia0
65535000-65536000 rw-s d2c36000 00:05 10477      /dev/nvidia0
65536000-65576000 rw-s 2f250000 00:05 10477      /dev/nvidia0
65576000-65596000 rw-s 2f225000 00:05 10477      /dev/nvidia0
65596000-65597000 rw-s d2641000 00:05 10477      /dev/nvidia0
65597000-65598000 rw-s 2c350000 00:05 10477      /dev/nvidia0
65598000-65599000 rw-s 2f224000 00:05 10477      /dev/nvidia0
65599000-6562f000 rw-p 00000000 00:00 0 
6562f000-65632000 ---p 00000000 00:00 0 
65632000-65680000 rw-p 00000000 00:00 0 
65680000-65780000 rw-s 2d17a000 00:05 10477      /dev/nvidia0
65780000-65784000 rw-s 2d170000 00:05 10477      /dev/nvidia0
65784000-65785000 rw-s c0047000 00:05 10477      /dev/nvidia0
65785000-65786000 rw-s 2d16d000 00:05 10477      /dev/nvidia0
65786000-65787000 rw-s d2c34000 00:05 10477      /dev/nvidia0
65787000-657c7000 rw-s 2ccc6000 00:05 10477      /dev/nvidia0
657c7000-657e7000 rw-s 2ccac000 00:05 10477      /dev/nvidia0
657e7000-657e8000 rw-s d2641000 00:05 10477      /dev/nvidia0
657e8000-657e9000 rw-s 2c350000 00:05 10477      /dev/nvidia0
657e9000-657ea000 rw-s 2ccaa000 00:05 10477      /dev/nvidia0
657ea000-65880000 rw-p 00000000 00:00 0 
65880000-65883000 ---p 00000000 00:00 0 
65883000-658d1000 rw-p 00000000 00:00 0 
658d1000-659d1000 rw-s 2d194000 00:05 10477      /dev/nvidia0
659d1000-659d5000 rw-s 2d18d000 00:05 10477      /dev/nvidia0
659d5000-659d6000 rw-s c0044000 00:05 10477      /dev/nvidia0
659d6000-659d7000 rw-s 2d18a000 00:05 10477      /dev/nvidia0
659d7000-659d8000 rw-s d2c32000 00:05 10477      /dev/nvidia0
659d8000-65a18000 rw-s 2d12c000 00:05 10477      /dev/nvidia0
65a18000-65a38000 rw-s 2d105000 00:05 10477      /dev/nvidia0
65a38000-65a39000 rw-s d2641000 00:05 10477      /dev/nvidia0
65a39000-65a3a000 rw-s 2c350000 00:05 10477      /dev/nvidia0
65a3a000-65a3b000 rw-s 2d103000 00:05 10477      /dev/nvidia0
65a3b000-65ad1000 rw-p 00000000 00:00 0 
65ad1000-65ad4000 ---p 00000000 00:00 0 
65ad4000-65b22000 rw-p 00000000 00:00 0 
65b22000-65c22000 rw-s 2cef5000 00:05 10477      /dev/nvidia0
65c22000-65c26000 rw-s 2cee8000 00:05 10477      /dev/nvidia0
65c26000-65c27000 rw-s c0041000 00:05 10477      /dev/nvidia0
65c27000-65c28000 rw-s 2cee7000 00:05 10477      /dev/nvidia0
65c28000-65c29000 rw-s d2c30000 00:05 10477      /dev/nvidia0
65c29000-65c69000 rw-s 2ceaa000 00:05 10477      /dev/nvidia0
65c69000-65c89000 rw-s 2f474000 00:05 10477      /dev/nvidia0
65c89000-65c8a000 rw-s d2641000 00:05 10477      /dev/nvidia0
65c8a000-65c8b000 rw-s 2c350000 00:05 10477      /dev/nvidia0
65c8b000-65c8c000 rw-s 2f472000 00:05 10477      /dev/nvidia0
65c8c000-65d22000 rw-p 00000000 00:00 0 
65d22000-65d25000 ---p 00000000 00:00 0 
65d25000-65d73000 rw-p 00000000 00:00 0 
65d73000-65e73000 rw-s 2f40f000 00:05 10477      /dev/nvidia0
65e73000-65e77000 rw-s 2f404000 00:05 10477      /dev/nvidia0
65e77000-65e78000 rw-s c003e000 00:05 10477      /dev/nvidia0
65e78000-65e79000 rw-s 2bc3c000 00:05 10477      /dev/nvidia0
65e79000-65e7a000 rw-s d2c2e000 00:05 10477      /dev/nvidia0
65e7a000-65eba000 rw-s 2f430000 00:05 10477      /dev/nvidia0
65eba000-65eda000 rw-s 2b163000 00:05 10477      /dev/nvidia0
65eda000-65edb000 rw-s d2641000 00:05 10477      /dev/nvidia0
65edb000-65edc000 rw-s 2c350000 00:05 10477      /dev/nvidia0
65edc000-65edd000 rw-s 2b161000 00:05 10477      /dev/nvidia0
65edd000-65f73000 rw-p 00000000 00:00 0 
65f73000-65f76000 ---p 00000000 00:00 0 
65f76000-65fc4000 rw-p 00000000 00:00 0 
65fc4000-660c4000 rw-s 2f1ef000 00:05 10477      /dev/nvidia0
660c4000-660c8000 rw-s 2f1e4000 00:05 10477      /dev/nvidia0
660c8000-660c9000 rw-s c003b000 00:05 10477      /dev/nvidia0
660c9000-660ca000 rw-s 2f1e1000 00:05 10477      /dev/nvidia0
660ca000-660cb000 rw-s d2c2c000 00:05 10477      /dev/nvidia0
660cb000-6610b000 rw-s 2f1a1000 00:05 10477      /dev/nvidia0
6610b000-6612b000 rw-s 2f179000 00:05 10477      /dev/nvidia0
6612b000-6612c000 rw-s d2641000 00:05 10477      /dev/nvidia0
6612c000-6612d000 rw-s 2c350000 00:05 10477      /dev/nvidia0
6612d000-6612e000 rw-s 2f177000 00:05 10477      /dev/nvidia0
6612e000-661c4000 rw-p 00000000 00:00 0 
661c4000-661c7000 ---p 00000000 00:00 0 
661c7000-66215000 rw-p 00000000 00:00 0 
66215000-66315000 rw-s 2a966000 00:05 10477      /dev/nvidia0
66315000-66319000 rw-s 2a95c000 00:05 10477      /dev/nvidia0
66319000-6631a000 rw-s c0038000 00:05 10477      /dev/nvidia0
6631a000-6631b000 rw-s 2a95a000 00:05 10477      /dev/nvidia0
6631b000-6631c000 rw-s d2c2a000 00:05 10477      /dev/nvidia0
6631c000-6635c000 rw-s 2a919000 00:05 10477      /dev/nvidia0
6635c000-6637c000 rw-s 2c9f8000 00:05 10477      /dev/nvidia0
6637c000-6637d000 rw-s d2641000 00:05 10477      /dev/nvidia0
6637d000-6637e000 rw-s 2c350000 00:05 10477      /dev/nvidia0
6637e000-6637f000 rw-s 2c9f6000 00:05 10477      /dev/nvidia0
6637f000-66415000 rw-p 00000000 00:00 0 
66415000-66418000 ---p 00000000 00:00 0 
66418000-66466000 rw-p 00000000 00:00 0 
66466000-66566000 rw-s 2b1df000 00:05 10477      /dev/nvidia0
66566000-6656a000 rw-s 2b1d7000 00:05 10477      /dev/nvidia0
6656a000-6656b000 rw-s c0035000 00:05 10477      /dev/nvidia0
6656b000-6656c000 rw-s 2b1d2000 00:05 10477      /dev/nvidia0
6656c000-6656d000 rw-s d2c28000 00:05 10477      /dev/nvidia0
6656d000-665ad000 rw-s 2b190000 00:05 10477      /dev/nvidia0
665ad000-665cd000 rw-s 2c6a0000 00:05 10477      /dev/nvidia0
665cd000-665ce000 rw-s d2641000 00:05 10477      /dev/nvidia0
665ce000-665cf000 rw-s 2c350000 00:05 10477      /dev/nvidia0
665cf000-665d0000 rw-s 2c69d000 00:05 10477      /dev/nvidia0
665d0000-66666000 rw-p 00000000 00:00 0 
66666000-66669000 ---p 00000000 00:00 0 
66669000-666b7000 rw-p 00000000 00:00 0 
666b7000-667b7000 rw-s 2bc50000 00:05 10477      /dev/nvidia0
667b7000-667bb000 rw-s 2bc3f000 00:05 10477      /dev/nvidia0
667bb000-667bc000 rw-s c0032000 00:05 10477      /dev/nvidia0
667bc000-667bd000 rw-s 2bc3d000 00:05 10477      /dev/nvidia0
667bd000-667be000 rw-s d2c26000 00:05 10477      /dev/nvidia0
667be000-667fe000 rw-s 2bc00000 00:05 10477      /dev/nvidia0
667fe000-6681e000 rw-s 2b2d6000 00:05 10477      /dev/nvidia0
6681e000-6681f000 rw-s d2641000 00:05 10477      /dev/nvidia0
6681f000-66820000 rw-s 2c350000 00:05 10477      /dev/nvidia0
66820000-66821000 rw-s 2b2d4000 00:05 10477      /dev/nvidia0
66821000-668b7000 rw-p 00000000 00:00 0 
668b7000-668ba000 ---p 00000000 00:00 0 
668ba000-66908000 rw-p 00000000 00:00 0 
66908000-66b08000 rw-s 2bbcb000 00:05 10477      /dev/nvidia0
66b08000-66c08000 rw-s 314ba000 00:05 10477      /dev/nvidia0
66c08000-66c0c000 rw-s 314b0000 00:05 10477      /dev/nvidia0
66c0c000-66c0d000 rw-s c002f000 00:05 10477      /dev/nvidia0
66c0d000-66c0e000 rw-s 314ad000 00:05 10477      /dev/nvidia0
66c0e000-66c0f000 rw-s d2c24000 00:05 10477      /dev/nvidia0
66c0f000-66c4f000 rw-s 3146d000 00:05 10477      /dev/nvidia0
66c4f000-66c6f000 rw-s 3144c000 00:05 10477      /dev/nvidia0
66c6f000-66c70000 rw-s d2641000 00:05 10477      /dev/nvidia0
66c70000-66c71000 rw-s 2c350000 00:05 10477      /dev/nvidia0
66c71000-66c72000 rw-s 31448000 00:05 10477      /dev/nvidia0
66c72000-66d08000 rw-p 00000000 00:00 0 
66d08000-66d0b000 ---p 00000000 00:00 0 
66d0b000-66d59000 rw-p 00000000 00:00 0 
66d59000-66e59000 rw-s 2ab3a000 00:05 10477      /dev/nvidia0
66e59000-66e5d000 rw-s 2ab31000 00:05 10477      /dev/nvidia0
66e5d000-66e5e000 rw-s c002c000 00:05 10477      /dev/nvidia0
66e5e000-66e5f000 rw-s 2ab2d000 00:05 10477      /dev/nvidia0
66e5f000-66e60000 rw-s d2c22000 00:05 10477      /dev/nvidia0
66e60000-66ea0000 rw-s 2c6ec000 00:05 10477      /dev/nvidia0
66ea0000-66ec0000 rw-s 2c6b4000 00:05 10477      /dev/nvidia0
66ec0000-66ec1000 rw-s d2641000 00:05 10477      /dev/nvidia0
66ec1000-66ec2000 rw-s 2c350000 00:05 10477      /dev/nvidia0
66ec2000-66ec3000 rw-s 2c507000 00:05 10477      /dev/nvidia0
66ec3000-66f59000 rw-p 00000000 00:00 0 
66f59000-66f5c000 ---p 00000000 00:00 0 
66f5c000-66faa000 rw-p 00000000 00:00 0 
66faa000-670aa000 rw-s 2c18e000 00:05 10477      /dev/nvidia0
670aa000-670ae000 rw-s 2c185000 00:05 10477      /dev/nvidia0
670ae000-670af000 rw-s c0029000 00:05 10477      /dev/nvidia0
670af000-670b0000 rw-s 2c182000 00:05 10477      /dev/nvidia0
670b0000-670b1000 rw-s d2c20000 00:05 10477      /dev/nvidia0
670b1000-670f1000 rw-s 2c141000 00:05 10477      /dev/nvidia0
670f1000-67111000 rw-s 2c11f000 00:05 10477      /dev/nvidia0
67111000-67112000 rw-s d2641000 00:05 10477      /dev/nvidia0
67112000-67113000 rw-s 2c350000 00:05 10477      /dev/nvidia0
67113000-67114000 rw-s 2c504000 00:05 10477      /dev/nvidia0
67114000-671aa000 rw-p 00000000 00:00 0 
671aa000-671ad000 ---p 00000000 00:00 0 
671ad000-671fb000 rw-p 00000000 00:00 0 
671fb000-672fb000 rw-s 2c77e000 00:05 10477      /dev/nvidia0
672fb000-672ff000 rw-s 2e3ff000 00:05 10477      /dev/nvidia0
672ff000-67300000 rw-s c0026000 00:05 10477      /dev/nvidia0
67300000-67301000 rw-s 2e3fb000 00:05 10477      /dev/nvidia0
67301000-67302000 rw-s d2c1e000 00:05 10477      /dev/nvidia0
67302000-67342000 rw-s 2e3bb000 00:05 10477      /dev/nvidia0
67342000-67362000 rw-s 2e398000 00:05 10477      /dev/nvidia0
67362000-67363000 rw-s d2641000 00:05 10477      /dev/nvidia0
67363000-67364000 rw-s 2c350000 00:05 10477      /dev/nvidia0
67364000-67365000 rw-s 2e396000 00:05 10477      /dev/nvidia0
67365000-673fb000 rw-p 00000000 00:00 0 
673fb000-673fe000 ---p 00000000 00:00 0 
673fe000-6744c000 rw-p 00000000 00:00 0 
6744c000-6754c000 rw-s 2d90c000 00:05 10477      /dev/nvidia0
6754c000-67550000 rw-s 2c715000 00:05 10477      /dev/nvidia0
67550000-67551000 rw-s c0023000 00:05 10477      /dev/nvidia0
67551000-67552000 rw-s 2b867000 00:05 10477      /dev/nvidia0
67552000-67553000 rw-s d2c1c000 00:05 10477      /dev/nvidia0
67553000-67593000 rw-s 2c73a000 00:05 10477      /dev/nvidia0
67593000-675b3000 rw-s 2bd0f000 00:05 10477      /dev/nvidia0
675b3000-675b4000 rw-s d2641000 00:05 10477      /dev/nvidia0
675b4000-675b5000 rw-s 2c350000 00:05 10477      /dev/nvidia0
675b5000-675b6000 rw-s 2bd0c000 00:05 10477      /dev/nvidia0
675b6000-6764c000 rw-p 00000000 00:00 0 
6764c000-6764f000 ---p 00000000 00:00 0 
6764f000-6769d000 rw-p 00000000 00:00 0 
6769d000-6779d000 rw-s 2f501000 00:05 10477      /dev/nvidia0
6779d000-677a1000 rw-s 2bd76000 00:05 10477      /dev/nvidia0
677a1000-677a2000 rw-s c0020000 00:05 10477      /dev/nvidia0
677a2000-677a3000 rw-s 2bd73000 00:05 10477      /dev/nvidia0
677a3000-677a4000 rw-s d2c1a000 00:05 10477      /dev/nvidia0
677a4000-677e4000 rw-s 2bd33000 00:05 10477      /dev/nvidia0
677e4000-67804000 rw-s 2ba08000 00:05 10477      /dev/nvidia0
67804000-67805000 rw-s d2641000 00:05 10477      /dev/nvidia0
67805000-67806000 rw-s 2c350000 00:05 10477      /dev/nvidia0
67806000-67807000 rw-s 2ba06000 00:05 10477      /dev/nvidia0
67807000-6789d000 rw-p 00000000 00:00 0 
6789d000-678a0000 ---p 00000000 00:00 0 
678a0000-678ee000 rw-p 00000000 00:00 0 
678ee000-679ee000 rw-s 2b080000 00:05 10477      /dev/nvidia0
679ee000-679f2000 rw-s 2ba77000 00:05 10477      /dev/nvidia0
679f2000-679f3000 rw-s c001d000 00:05 10477      /dev/nvidia0
679f3000-679f4000 rw-s 2ba75000 00:05 10477      /dev/nvidia0
679f4000-679f5000 rw-s d2c18000 00:05 10477      /dev/nvidia0
679f5000-67a35000 rw-s 2ba35000 00:05 10477      /dev/nvidia0
67a35000-67a55000 rw-s 2d3ab000 00:05 10477      /dev/nvidia0
67a55000-67a56000 rw-s d2641000 00:05 10477      /dev/nvidia0
67a56000-67a57000 rw-s 2c350000 00:05 10477      /dev/nvidia0
67a57000-67a58000 rw-s 2d3a9000 00:05 10477      /dev/nvidia0
67a58000-67aee000 rw-p 00000000 00:00 0 
67aee000-67af1000 ---p 00000000 00:00 0 
67af1000-67b3f000 rw-p 00000000 00:00 0 
67b3f000-67c3f000 rw-s 2d3f9000 00:05 10477      /dev/nvidia0
67c3f000-67c43000 rw-s 2d3f2000 00:05 10477      /dev/nvidia0
67c43000-67c44000 rw-s c001a000 00:05 10477      /dev/nvidia0
67c44000-67c45000 rw-s 2d3f0000 00:05 10477      /dev/nvidia0
67c45000-67c46000 rw-s d2c16000 00:05 10477      /dev/nvidia0
67c46000-67c86000 rw-s 2c386000 00:05 10477      /dev/nvidia0
67c86000-67ca6000 rw-s 2d384000 00:05 10477      /dev/nvidia0
67ca6000-67ca7000 rw-s d2641000 00:05 10477      /dev/nvidia0
67ca7000-67ca8000 rw-s 2c350000 00:05 10477      /dev/nvidia0
67ca8000-67d3e000 rw-p 00000000 00:00 0 
67d3e000-67d41000 ---p 00000000 00:00 0 
67d41000-67d8f000 rw-p 00000000 00:00 0 
67d8f000-67e8f000 rw-s 2c3f8000 00:05 10477      /dev/nvidia0
67e8f000-67e93000 rw-s 2c3eb000 00:05 10477      /dev/nvidia0
67e93000-67e94000 rw-s d2c14000 00:05 10477      /dev/nvidia0
67e94000-67ed4000 rw-s 2c3a9000 00:05 10477      /dev/nvidia0
67ed4000-67ef4000 rw-s 2a475000 00:05 10477      /dev/nvidia0
67ef4000-67f8a000 rw-p 00000000 00:00 0 
67f8a000-67f8d000 ---p 00000000 00:00 0 
67f8d000-67fdb000 rw-p 00000000 00:00 0 
67fdb000-680db000 rw-s 2c407000 00:05 10477      /dev/nvidia0
680db000-680dc000 rw-s d2c12000 00:05 10477      /dev/nvidia0
680dc000-6811c000 rw-s 2c432000 00:05 10477      /dev/nvidia0
6811c000-6813c000 rw-s 2c7c7000 00:05 10477      /dev/nvidia0
6813c000-681d2000 rw-p 00000000 00:00 0 
681d2000-681d5000 ---p 00000000 00:00 0 
681d5000-68223000 rw-p 00000000 00:00 0 
68223000-68323000 rw-s 2c7d4000 00:05 10477      /dev/nvidia0
68323000-68324000 rw-s d2c10000 00:05 10477      /dev/nvidia0
68324000-68364000 rw-s 2ef20000 00:05 10477      /dev/nvidia0
68364000-68384000 rw-s 2f8bd000 00:05 10477      /dev/nvidia0
68384000-6841a000 rw-p 00000000 00:00 0 
6841a000-6841d000 ---p 00000000 00:00 0 
6841d000-6846b000 rw-p 00000000 00:00 0 
6846b000-6856b000 rw-s 2d9d3000 00:05 10477      /dev/nvidia0
6856b000-6856c000 rw-s d2c0e000 00:05 10477      /dev/nvidia0
6856c000-685ac000 rw-s 2cbf9000 00:05 10477      /dev/nvidia0
685ac000-685cc000 rw-s 2cbc1000 00:05 10477      /dev/nvidia0
685cc000-68662000 rw-p 00000000 00:00 0 
68662000-68665000 ---p 00000000 00:00 0 
68665000-686b3000 rw-p 00000000 00:00 0 
686b3000-687b3000 rw-s 2d25f000 00:05 10477      /dev/nvidia0
687b3000-68849000 rw-p 00000000 00:00 0 
68849000-6884c000 ---p 00000000 00:00 0 
6884c000-6889a000 rw-p 00000000 00:00 0 
6889a000-6889d000 ---p 00000000 00:00 0 
6889d000-6896c000 rw-p 00000000 00:00 0 
6896c000-68a6c000 rw-s 2c4d8000 00:05 10477      /dev/nvidia0
68a6c000-68b02000 rw-p 00000000 00:00 0 
68b02000-68be7000 rw-s 00000000 00:04 1572869    /SYSV00000000 (deleted)
68be7000-68be8000 rw-s 2d383000 00:05 10477      /dev/nvidia0
68be8000-68be9000 rw-s c0017000 00:05 10477      /dev/nvidia0
68be9000-68bea000 rw-s 2c3e9000 00:05 10477      /dev/nvidia0
68bea000-68beb000 rw-s d2641000 00:05 10477      /dev/nvidia0
68beb000-68bec000 rw-s 2c350000 00:05 10477      /dev/nvidia0
68bec000-68bed000 rw-s 2a473000 00:05 10477      /dev/nvidia0
68bed000-68bf1000 rw-s 2a4be000 00:05 10477      /dev/nvidia0
68bf1000-68bf2000 rw-s c0014000 00:05 10477      /dev/nvidia0
68bf2000-68bf3000 rw-s d2c0c000 00:05 10477      /dev/nvidia0
68bf3000-68c33000 rw-s 2aca7000 00:05 10477      /dev/nvidia0
68c33000-68c73000 rw-s 2c2e0000 00:05 10477      /dev/nvidia0
68c73000-68e1f000 rw-p 00000000 00:00 0 
68e1f000-6901f000 rw-s 2a41f000 00:05 10477      /dev/nvidia0
6901f000-6911f000 rw-s 2d992000 00:05 10477      /dev/nvidia0
6911f000-69120000 rw-s d2c08000 00:05 10477      /dev/nvidia0
69120000-69160000 rw-s 2c04f000 00:05 10477      /dev/nvidia0
69160000-69180000 rw-s 2c4d1000 00:05 10477      /dev/nvidia0
69180000-69216000 rw-p 00000000 00:00 0 
69216000-69217000 rw-s 2a4bd000 00:05 10477      /dev/nvidia0
69217000-69218000 rw-s d2641000 00:05 10477      /dev/nvidia0
69218000-69219000 rw-s 2c350000 00:05 10477      /dev/nvidia0
69219000-6921a000 rw-s 2c7c3000 00:05 10477      /dev/nvidia0
6921a000-6921e000 rw-s 2d9ca000 00:05 10477      /dev/nvidia0
6921e000-6921f000 rw-s c0011000 00:05 10477      /dev/nvidia0
6921f000-69220000 rw-s 2f8ba000 00:05 10477      /dev/nvidia0
69220000-69221000 rw-s d2641000 00:05 10477      /dev/nvidia0
69221000-69222000 rw-s 2c350000 00:05 10477      /dev/nvidia0
69222000-69223000 rw-s 2f8bb000 00:05 10477      /dev/nvidia0
69223000-69227000 rw-s 2c4e9000 00:05 10477      /dev/nvidia0
69227000-69228000 rw-s c000e000 00:05 10477      /dev/nvidia0
69228000-69229000 rw-s 2c4e8000 00:05 10477      /dev/nvidia0
69229000-6922a000 rw-s d2641000 00:05 10477      /dev/nvidia0
6922a000-6922b000 rw-s 2c350000 00:05 10477      /dev/nvidia0
6922b000-6922c000 rw-s 2cbc0000 00:05 10477      /dev/nvidia0
6922c000-6924c000 rw-s 2c782000 00:05 10477      /dev/nvidia0
6924c000-6926c000 rw-s 2d24f000 00:05 10477      /dev/nvidia0
6926c000-692ed000 rw-p 00000000 00:00 0 
692ed000-692f0000 ---p 00000000 00:00 0 
692f0000-6933e000 rw-p 00000000 00:00 0 
6933e000-693c5000 r-xp 00000000 fc:00 4325415    /tmp/jogamp_0000/file_cache/jln5286494056155791196/jln5124283208557547672/libjogl_desktop.so
693c5000-693c6000 r--p 00086000 fc:00 4325415    /tmp/jogamp_0000/file_cache/jln5286494056155791196/jln5124283208557547672/libjogl_desktop.so
693c6000-693c7000 rw-p 00087000 fc:00 4325415    /tmp/jogamp_0000/file_cache/jln5286494056155791196/jln5124283208557547672/libjogl_desktop.so
693c7000-6af80000 r-xp 00000000 fc:00 6040861    /usr/lib/nvidia-current-updates/libnvidia-glcore.so.295.20
6af80000-6afe2000 rwxp 01bb9000 fc:00 6040861    /usr/lib/nvidia-current-updates/libnvidia-glcore.so.295.20
6afe2000-6aff6000 rwxp 00000000 00:00 0 
6aff6000-6b0a0000 r-xp 00000000 fc:00 6040860    /usr/lib/nvidia-current-updates/libGL.so.295.20
6b0a0000-6b0bf000 rwxp 000a9000 fc:00 6040860    /usr/lib/nvidia-current-updates/libGL.so.295.20
6b0bf000-6b0ce000 rwxp 00000000 00:00 0 
6b0ce000-6b0d2000 rw-s 2d258000 00:05 10477      /dev/nvidia0
6b0d2000-6b0d3000 rw-s c000b000 00:05 10477      /dev/nvidia0
6b0d3000-6b0da000 r--s 00000000 fc:00 803584     /usr/lib/i386-linux-gnu/gconv/gconv-modules.cache
6b0da000-6b0f7000 rw-s 2c36f000 00:05 10477      /dev/nvidia0
6b0f7000-6b0fa000 ---p 00000000 00:00 0 
6b0fa000-6b148000 rw-p 00000000 00:00 0 
6b148000-6b14b000 ---p 00000000 00:00 0 
6b14b000-6b199000 rw-p 00000000 00:00 0 
6b199000-6b19a000 r--s 00000000 fc:00 666148     /var/cache/fontconfig/c05880de57d1f5e948fdfacc138775d9-le32d4.cache-3
6b19a000-6b1a0000 r--s 00000000 fc:00 666133     /var/cache/fontconfig/945677eb7aeaf62f1d50efc3fb3ec7d8-le32d4.cache-3
6b1a0000-6b1a2000 r--s 00000000 fc:00 666146     /var/cache/fontconfig/99e8ed0e538f840c565b6ed5dad60d56-le32d4.cache-3
6b1a2000-6b1a5000 r--s 00000000 fc:00 666145     /var/cache/fontconfig/e383d7ea5fbe662a33d9b44caf393297-le32d4.cache-3
6b1a5000-6b1a8000 r--s 00000000 fc:00 666144     /var/cache/fontconfig/2cd17615ca594fa2959ae173292e504c-le32d4.cache-3
6b1a8000-6b1a9000 r--s 00000000 fc:00 666302     /var/cache/fontconfig/e3fa16a14183b06aa45b3e009278fd14-le32d4.cache-3
6b1a9000-6b1aa000 r--s 00000000 fc:00 666143     /var/cache/fontconfig/e7071f4a29fa870f4323321c154eba04-le32d4.cache-3
6b1aa000-6b1ac000 r--s 00000000 fc:00 666255     /var/cache/fontconfig/b5ea634b0fb353b8ea17632d1f9ef766-le32d4.cache-3
6b1ac000-6b1b0000 r--s 00000000 fc:00 666142     /var/cache/fontconfig/6eb3985aa4124903f6ff08ba781cd364-le32d4.cache-3
6b1b0000-6b1b1000 r--s 00000000 fc:00 666141     /var/cache/fontconfig/4c73fe0c47614734b17d736dbde7580a-le32d4.cache-3
6b1b1000-6b1b2000 r--s 00000000 fc:00 666140     /var/cache/fontconfig/0d8c3b2ac0904cb8a57a757ad11a4a08-le32d4.cache-3
6b1b2000-6b1b3000 r--s 00000000 fc:00 666139     /var/cache/fontconfig/6a53c69dea097a2d716e069445527da8-le32d4.cache-3
6b1b3000-6b1b7000 r--s 00000000 fc:00 666138     /var/cache/fontconfig/a755afe4a08bf5b97852ceb7400b47bc-le32d4.cache-3
6b1b7000-6b1b8000 r--s 00000000 fc:00 666301     /var/cache/fontconfig/79517df041c92e3f2b4a9700e7dbe3c7-le32d4.cache-3
6b1b8000-6b1b9000 r--s 00000000 fc:00 666300     /var/cache/fontconfig/4abdb2dd99886b2b2d3168a6b22d0473-le32d4.cache-3
6b1b9000-6b1ba000 r--s 00000000 fc:00 666299     /var/cache/fontconfig/b9af901c4f3947128be824d599af5f25-le32d4.cache-3
6b1ba000-6b1bb000 r--s 00000000 fc:00 666298     /var/cache/fontconfig/a18183678af55fd6535fa2d00e080189-le32d4.cache-3
6b1bb000-6b1bd000 r--s 00000000 fc:00 666297     /var/cache/fontconfig/90e84e89a4382a8db77728561d41356d-le32d4.cache-3
6b1bd000-6b1be000 r--s 00000000 fc:00 666296     /var/cache/fontconfig/b73ae53b2eee308c3d7feb99ac2d34cd-le32d4.cache-3
6b1be000-6b1bf000 r--s 00000000 fc:00 666295     /var/cache/fontconfig/407fd690308a0b04640307de6deab6da-le32d4.cache-3
6b1bf000-6b1c1000 r--s 00000000 fc:00 666294     /var/cache/fontconfig/8039e78ad04dad2b193eec8c5f90bc4d-le32d4.cache-3
6b1c1000-6b1c2000 r--s 00000000 fc:00 666293     /var/cache/fontconfig/27f6fa40476fb33ad65cb210c133a216-le32d4.cache-3
6b1c2000-6b1c3000 r--s 00000000 fc:00 666292     /var/cache/fontconfig/98d684ad3abba16030bd60992dc9c5d7-le32d4.cache-3
6b1c3000-6b1c5000 r--s 00000000 fc:00 666291     /var/cache/fontconfig/9123b38b1c36356a690c2f0bc4cbf728-le32d4.cache-3
6b1c5000-6b1cc000 r--s 00000000 fc:00 666254     /var/cache/fontconfig/6d41288fd70b0be22e8c3a91e032eec0-le32d4.cache-3
6b1cc000-6b1d7000 r--s 00000000 fc:00 666137     /var/cache/fontconfig/0f34bcd4b6ee430af32735b75db7f02b-le32d4.cache-3
6b1d7000-6b1da000 r--s 00000000 fc:00 666136     /var/cache/fontconfig/d60319d88cac85ba9e1a07bd06cfbb8c-le32d4.cache-3
6b1da000-6b1db000 r--s 00000000 fc:00 666305     /var/cache/fontconfig/4794a0821666d79190d59a36cb4f44b5-le32d4.cache-3
6b1db000-6b1e0000 r--s 00000000 fc:00 666290     /var/cache/fontconfig/ce677e824a231659fde4a3a246a10ea3-le32d4.cache-3
6b1e0000-6b1ed000 r--s 00000000 fc:00 666132     /var/cache/fontconfig/d52a8644073d54c13679302ca1180695-le32d4.cache-3
6b1ed000-6b1f2000 r--s 00000000 fc:00 666253     /var/cache/fontconfig/105b9c7e6f0a4f82d8c9b6e39c52c6f9-le32d4.cache-3
6b1f2000-6b1f3000 rw-s 2d257000 00:05 10477      /dev/nvidia0
6b1f3000-6b1f4000 rw-s d2641000 00:05 10477      /dev/nvidia0
6b1f4000-6b1f5000 rw-s 2c350000 00:05 10477      /dev/nvidia0
6b1f5000-6b1f6000 rw-s 2c781000 00:05 10477      /dev/nvidia0
6b1f6000-6b1fa000 rw-s 2d24c000 00:05 10477      /dev/nvidia0
6b1fa000-6b1fb000 rw-s c0008000 00:05 10477      /dev/nvidia0
6b1fb000-6b1fc000 rw-s 2d24d000 00:05 10477      /dev/nvidia0
6b1fc000-6b1fd000 rw-s d2c0a000 00:05 10477      /dev/nvidia0
6b1fd000-6b1fe000 rw-s d2641000 00:05 10477      /dev/nvidia0
6b1fe000-6b1ff000 rw-s 2c350000 00:05 10477      /dev/nvidia0
6b1ff000-6b200000 rw-s 2d24e000 00:05 10477      /dev/nvidia0
6b200000-6b202000 rw-s 00000000 fc:00 4325420    /tmp/gl72AC30 (deleted)
6b202000-6b204000 r-xs 00000000 fc:00 4325420    /tmp/gl72AC30 (deleted)
6b204000-6b208000 rw-s 2d991000 00:05 10477      /dev/nvidia0
6b208000-6b209000 rw-s c0005000 00:05 10477      /dev/nvidia0
6b209000-6b20a000 rw-s 2d990000 00:05 10477      /dev/nvidia0
6b20a000-6b20e000 r-xp 00000000 fc:00 800927     /usr/lib/i386-linux-gnu/libXfixes.so.3.1.0
6b20e000-6b20f000 r--p 00003000 fc:00 800927     /usr/lib/i386-linux-gnu/libXfixes.so.3.1.0
6b20f000-6b210000 rw-p 00004000 fc:00 800927     /usr/lib/i386-linux-gnu/libXfixes.so.3.1.0
6b210000-6b219000 r-xp 00000000 fc:00 800929     /usr/lib/i386-linux-gnu/libXcursor.so.1.0.2
6b219000-6b21a000 r--p 00008000 fc:00 800929     /usr/lib/i386-linux-gnu/libXcursor.so.1.0.2
6b21a000-6b21b000 rw-p 00009000 fc:00 800929     /usr/lib/i386-linux-gnu/libXcursor.so.1.0.2
6b21b000-6b21c000 r--s 00000000 fc:00 666148     /var/cache/fontconfig/c05880de57d1f5e948fdfacc138775d9-le32d4.cache-3
6b21c000-6b222000 r--s 00000000 fc:00 666133     /var/cache/fontconfig/945677eb7aeaf62f1d50efc3fb3ec7d8-le32d4.cache-3
6b222000-6b224000 r--s 00000000 fc:00 666146     /var/cache/fontconfig/99e8ed0e538f840c565b6ed5dad60d56-le32d4.cache-3
6b224000-6b227000 r--s 00000000 fc:00 666145     /var/cache/fontconfig/e383d7ea5fbe662a33d9b44caf393297-le32d4.cache-3
6b227000-6b22a000 r--s 00000000 fc:00 666144     /var/cache/fontconfig/2cd17615ca594fa2959ae173292e504c-le32d4.cache-3
6b22a000-6b22b000 r--s 00000000 fc:00 666302     /var/cache/fontconfig/e3fa16a14183b06aa45b3e009278fd14-le32d4.cache-3
6b22b000-6b22c000 r--s 00000000 fc:00 666143     /var/cache/fontconfig/e7071f4a29fa870f4323321c154eba04-le32d4.cache-3
6b22c000-6b22e000 r--s 00000000 fc:00 666255     /var/cache/fontconfig/b5ea634b0fb353b8ea17632d1f9ef766-le32d4.cache-3
6b22e000-6b232000 r--s 00000000 fc:00 666142     /var/cache/fontconfig/6eb3985aa4124903f6ff08ba781cd364-le32d4.cache-3
6b232000-6b233000 r--s 00000000 fc:00 666141     /var/cache/fontconfig/4c73fe0c47614734b17d736dbde7580a-le32d4.cache-3
6b233000-6b234000 r--s 00000000 fc:00 666140     /var/cache/fontconfig/0d8c3b2ac0904cb8a57a757ad11a4a08-le32d4.cache-3
6b234000-6b235000 r--s 00000000 fc:00 666139     /var/cache/fontconfig/6a53c69dea097a2d716e069445527da8-le32d4.cache-3
6b235000-6b239000 r--s 00000000 fc:00 666138     /var/cache/fontconfig/a755afe4a08bf5b97852ceb7400b47bc-le32d4.cache-3
6b239000-6b23a000 r--s 00000000 fc:00 666301     /var/cache/fontconfig/79517df041c92e3f2b4a9700e7dbe3c7-le32d4.cache-3
6b23a000-6b23b000 r--s 00000000 fc:00 666300     /var/cache/fontconfig/4abdb2dd99886b2b2d3168a6b22d0473-le32d4.cache-3
6b23b000-6b23c000 r--s 00000000 fc:00 666299     /var/cache/fontconfig/b9af901c4f3947128be824d599af5f25-le32d4.cache-3
6b23c000-6b23d000 r--s 00000000 fc:00 666298     /var/cache/fontconfig/a18183678af55fd6535fa2d00e080189-le32d4.cache-3
6b23d000-6b23f000 r--s 00000000 fc:00 666297     /var/cache/fontconfig/90e84e89a4382a8db77728561d41356d-le32d4.cache-3
6b23f000-6b240000 r--s 00000000 fc:00 666296     /var/cache/fontconfig/b73ae53b2eee308c3d7feb99ac2d34cd-le32d4.cache-3
6b240000-6b241000 r--s 00000000 fc:00 666295     /var/cache/fontconfig/407fd690308a0b04640307de6deab6da-le32d4.cache-3
6b241000-6b243000 r--s 00000000 fc:00 666294     /var/cache/fontconfig/8039e78ad04dad2b193eec8c5f90bc4d-le32d4.cache-3
6b243000-6b24a000 r--s 00000000 fc:00 666254     /var/cache/fontconfig/6d41288fd70b0be22e8c3a91e032eec0-le32d4.cache-3
6b24a000-6b255000 r--s 00000000 fc:00 666137     /var/cache/fontconfig/0f34bcd4b6ee430af32735b75db7f02b-le32d4.cache-3
6b255000-6b259000 rw-s 2d2ca000 00:05 10477      /dev/nvidia0
6b259000-6b25a000 rw-s d2641000 00:05 10477      /dev/nvidia0
6b25a000-6b25b000 rw-s 2c350000 00:05 10477      /dev/nvidia0
6b25b000-6b25c000 rw-s 2c8a1000 00:05 10477      /dev/nvidia0
6b25c000-6b25e000 r-xp 00000000 fc:00 800933     /usr/lib/i386-linux-gnu/libXinerama.so.1.0.0
6b25e000-6b25f000 r--p 00001000 fc:00 800933     /usr/lib/i386-linux-gnu/libXinerama.so.1.0.0
6b25f000-6b260000 rw-p 00002000 fc:00 800933     /usr/lib/i386-linux-gnu/libXinerama.so.1.0.0
6b260000-6b263000 r-xp 00000000 fc:00 6040840    /usr/lib/nvidia-current-updates/tls/libnvidia-tls.so.295.20
6b263000-6b264000 rw-p 00002000 fc:00 6040840    /usr/lib/nvidia-current-updates/tls/libnvidia-tls.so.295.20
6b264000-6b268000 r-xp 00000000 fc:00 800988     /usr/lib/i386-linux-gnu/libXxf86vm.so.1.0.0
6b268000-6b269000 r--p 00003000 fc:00 800988     /usr/lib/i386-linux-gnu/libXxf86vm.so.1.0.0
6b269000-6b26a000 rw-p 00004000 fc:00 800988     /usr/lib/i386-linux-gnu/libXxf86vm.so.1.0.0
6b26a000-6b270000 r-xp 00000000 fc:00 4325418    /tmp/jogamp_0000/file_cache/jln5286494056155791196/jln5124283208557547672/libnativewindow_x11.so
6b270000-6b271000 r--p 00005000 fc:00 4325418    /tmp/jogamp_0000/file_cache/jln5286494056155791196/jln5124283208557547672/libnativewindow_x11.so
6b271000-6b272000 rw-p 00006000 fc:00 4325418    /tmp/jogamp_0000/file_cache/jln5286494056155791196/jln5124283208557547672/libnativewindow_x11.so
6b272000-6b273000 r-xp 00000000 fc:00 4325417    /tmp/jogamp_0000/file_cache/jln5286494056155791196/jln5124283208557547672/libnativewindow_awt.so
6b273000-6b274000 r--p 00001000 fc:00 4325417    /tmp/jogamp_0000/file_cache/jln5286494056155791196/jln5124283208557547672/libnativewindow_awt.so
6b274000-6b275000 rw-p 00002000 fc:00 4325417    /tmp/jogamp_0000/file_cache/jln5286494056155791196/jln5124283208557547672/libnativewindow_awt.so
6b275000-6b276000 r-xp 00000000 fc:00 5907807    /usr/lib/jvm/java-6-openjdk/jre/lib/i386/libjawt.so
6b276000-6b277000 r--p 00000000 fc:00 5907807    /usr/lib/jvm/java-6-openjdk/jre/lib/i386/libjawt.so
6b277000-6b278000 rw-p 00001000 fc:00 5907807    /usr/lib/jvm/java-6-openjdk/jre/lib/i386/libjawt.so
6b278000-6b27a000 r--s 00007000 fc:00 1446748    /usr/share/java/hamcrest-core-1.1.jar
6b27a000-6b27c000 r--s 00007000 fc:00 1446748    /usr/share/java/hamcrest-core-1.1.jar
6b27c000-6b283000 r--s 00030000 fc:00 1446756    /usr/share/java/junit4-4.8.2.jar
6b283000-6b28a000 r--s 000fb000 fc:00 5907732    /usr/lib/jvm/java-6-openjdk/jre/lib/resources.jar
6b28a000-6b28f000 r--s 00000000 fc:00 666290     /var/cache/fontconfig/ce677e824a231659fde4a3a246a10ea3-le32d4.cache-3
6b28f000-6b29c000 r--s 00000000 fc:00 666132     /var/cache/fontconfig/d52a8644073d54c13679302ca1180695-le32d4.cache-3
6b29c000-6b2a1000 r--s 00000000 fc:00 666253     /var/cache/fontconfig/105b9c7e6f0a4f82d8c9b6e39c52c6f9-le32d4.cache-3
6b2a1000-6b2b3000 r--s 00000000 fc:00 666287     /var/cache/fontconfig/e13b20fdb08344e0e664864cc2ede53d-le32d4.cache-3
6b2b3000-6b2b6000 ---p 00000000 00:00 0 
6b2b6000-6b304000 rw-p 00000000 00:00 0 
6b304000-6b396000 r-xp 00000000 fc:00 801060     /usr/lib/i386-linux-gnu/libfreetype.so.6.6.2
6b396000-6b39a000 r--p 00091000 fc:00 801060     /usr/lib/i386-linux-gnu/libfreetype.so.6.6.2
6b39a000-6b39b000 rw-p 00095000 fc:00 801060     /usr/lib/i386-linux-gnu/libfreetype.so.6.6.2
6b39b000-6b3ad000 r--s 00000000 fc:00 666287     /var/cache/fontconfig/e13b20fdb08344e0e664864cc2ede53d-le32d4.cache-3
6b3ad000-6b3b0000 r--s 00000000 fc:00 666289     /var/cache/fontconfig/7ef2298fde41cc6eeb7af42e48b7d293-le32d4.cache-3
6b3b0000-6b3b6000 r--s 00000000 fc:00 666286     /var/cache/fontconfig/b83386915dae36184c7e3985fd26e4b1-le32d4.cache-3
6b3b6000-6b3c4000 r--s 00000000 fc:00 666251     /var/cache/fontconfig/865f88548240fee46819705c6468c165-le32d4.cache-3
6b3c4000-6b3fe000 r-xp 00000000 fc:00 5907823    /usr/lib/jvm/java-6-openjdk/jre/lib/i386/libfontmanager.so
6b3fe000-6b3ff000 r--p 00039000 fc:00 5907823    /usr/lib/jvm/java-6-openjdk/jre/lib/i386/libfontmanager.so
6b3ff000-6b400000 rw-p 0003a000 fc:00 5907823    /usr/lib/jvm/java-6-openjdk/jre/lib/i386/libfontmanager.so
6b400000-6b4de000 rw-p 00000000 00:00 0 
6b4de000-6b500000 ---p 00000000 00:00 0 
6b500000-6b501000 rw-s d2060000 00:05 10477      /dev/nvidia0
6b501000-6b503000 r--s 00000000 fc:00 666291     /var/cache/fontconfig/9123b38b1c36356a690c2f0bc4cbf728-le32d4.cache-3
6b503000-6b506000 r--s 00000000 fc:00 666289     /var/cache/fontconfig/7ef2298fde41cc6eeb7af42e48b7d293-le32d4.cache-3
6b506000-6b50c000 r--s 00000000 fc:00 666286     /var/cache/fontconfig/b83386915dae36184c7e3985fd26e4b1-le32d4.cache-3
6b50c000-6b51a000 r--s 00000000 fc:00 666251     /var/cache/fontconfig/865f88548240fee46819705c6468c165-le32d4.cache-3
6b51a000-6b51d000 ---p 00000000 00:00 0 
6b51d000-6b56b000 rw-p 00000000 00:00 0 
6b56b000-6b570000 r-xp 00000000 fc:00 800804     /usr/lib/i386-linux-gnu/libXdmcp.so.6.0.0
6b570000-6b571000 r--p 00004000 fc:00 800804     /usr/lib/i386-linux-gnu/libXdmcp.so.6.0.0
6b571000-6b572000 rw-p 00005000 fc:00 800804     /usr/lib/i386-linux-gnu/libXdmcp.so.6.0.0
6b572000-6b58f000 r-xp 00000000 fc:00 800806     /usr/lib/i386-linux-gnu/libxcb.so.1.1.0
6b58f000-6b590000 r--p 0001c000 fc:00 800806     /usr/lib/i386-linux-gnu/libxcb.so.1.1.0
6b590000-6b591000 rw-p 0001d000 fc:00 800806     /usr/lib/i386-linux-gnu/libxcb.so.1.1.0
6b591000-6b59f000 r-xp 00000000 fc:00 801075     /usr/lib/i386-linux-gnu/libXi.so.6.1.0
6b59f000-6b5a0000 r--p 0000d000 fc:00 801075     /usr/lib/i386-linux-gnu/libXi.so.6.1.0
6b5a0000-6b5a1000 rw-p 0000e000 fc:00 801075     /usr/lib/i386-linux-gnu/libXi.so.6.1.0
6b5a1000-6b5a6000 r-xp 00000000 fc:00 5524953    /usr/lib/libXtst.so.6.1.0
6b5a6000-6b5a7000 r--p 00004000 fc:00 5524953    /usr/lib/libXtst.so.6.1.0
6b5a7000-6b5a8000 rw-p 00005000 fc:00 5524953    /usr/lib/libXtst.so.6.1.0
6b5a8000-6b6d9000 r-xp 00000000 fc:00 800808     /usr/lib/i386-linux-gnu/libX11.so.6.3.0
6b6d9000-6b6da000 ---p 00131000 fc:00 800808     /usr/lib/i386-linux-gnu/libX11.so.6.3.0
6b6da000-6b6db000 r--p 00131000 fc:00 800808     /usr/lib/i386-linux-gnu/libX11.so.6.3.0
6b6db000-6b6dd000 rw-p 00132000 fc:00 800808     /usr/lib/i386-linux-gnu/libX11.so.6.3.0
6b6dd000-6b6de000 rw-p 00000000 00:00 0 
6b6de000-6b6ef000 r-xp 00000000 fc:00 800820     /usr/lib/i386-linux-gnu/libXext.so.6.4.0
6b6ef000-6b6f0000 r--p 00010000 fc:00 800820     /usr/lib/i386-linux-gnu/libXext.so.6.4.0
6b6f0000-6b6f1000 rw-p 00011000 fc:00 800820     /usr/lib/i386-linux-gnu/libXext.so.6.4.0
6b6f1000-6b73d000 r-xp 00000000 fc:00 5907612    /usr/lib/jvm/java-6-openjdk/jre/lib/i386/xawt/libmawt.so
6b73d000-6b73e000 r--p 0004b000 fc:00 5907612    /usr/lib/jvm/java-6-openjdk/jre/lib/i386/xawt/libmawt.so
6b73e000-6b740000 rw-p 0004c000 fc:00 5907612    /usr/lib/jvm/java-6-openjdk/jre/lib/i386/xawt/libmawt.so
6b740000-6b741000 rw-p 00000000 00:00 0 
6b741000-6b7d4000 r-xp 00000000 fc:00 5907798    /usr/lib/jvm/java-6-openjdk/jre/lib/i386/libawt.so
6b7d4000-6b7d5000 r--p 00092000 fc:00 5907798    /usr/lib/jvm/java-6-openjdk/jre/lib/i386/libawt.so
6b7d5000-6b7dc000 rw-p 00093000 fc:00 5907798    /usr/lib/jvm/java-6-openjdk/jre/lib/i386/libawt.so
6b7dc000-6b800000 rw-p 00000000 00:00 0 
6b800000-6b8f6000 rw-p 00000000 00:00 0 
6b8f6000-6b900000 ---p 00000000 00:00 0 
6b900000-6b902000 r-xp 00000000 fc:00 800802     /usr/lib/i386-linux-gnu/libXau.so.6.0.0
6b902000-6b903000 r--p 00001000 fc:00 800802     /usr/lib/i386-linux-gnu/libXau.so.6.0.0
6b903000-6b904000 rw-p 00002000 fc:00 800802     /usr/lib/i386-linux-gnu/libXau.so.6.0.0
6b904000-6b90d000 r-xp 00000000 fc:00 800814     /usr/lib/i386-linux-gnu/libXrender.so.1.3.0
6b90d000-6b90e000 r--p 00008000 fc:00 800814     /usr/lib/i386-linux-gnu/libXrender.so.1.3.0
6b90e000-6b90f000 rw-p 00009000 fc:00 800814     /usr/lib/i386-linux-gnu/libXrender.so.1.3.0
6b90f000-6b910000 r--s 00000000 fc:00 666293     /var/cache/fontconfig/27f6fa40476fb33ad65cb210c133a216-le32d4.cache-3
6b910000-6b913000 r--s 00000000 fc:00 666136     /var/cache/fontconfig/d60319d88cac85ba9e1a07bd06cfbb8c-le32d4.cache-3
6b913000-6b915000 r-xp 00000000 fc:00 4325434    /tmp/jogamp_0000/file_cache/jln5286494056155791196/jln5124283208557547672/libgluegen-rt.so
6b915000-6b916000 r--p 00001000 fc:00 4325434    /tmp/jogamp_0000/file_cache/jln5286494056155791196/jln5124283208557547672/libgluegen-rt.so
6b916000-6b917000 rw-p 00002000 fc:00 4325434    /tmp/jogamp_0000/file_cache/jln5286494056155791196/jln5124283208557547672/libgluegen-rt.so
6b917000-6b91f000 r-xp 00000000 fc:00 5907793    /usr/lib/jvm/java-6-openjdk/jre/lib/i386/libnio.so
6b91f000-6b920000 r--p 00007000 fc:00 5907793    /usr/lib/jvm/java-6-openjdk/jre/lib/i386/libnio.so
6b920000-6b921000 rw-p 00008000 fc:00 5907793    /usr/lib/jvm/java-6-openjdk/jre/lib/i386/libnio.so
6b921000-6b936000 r-xp 00000000 fc:00 5907806    /usr/lib/jvm/java-6-openjdk/jre/lib/i386/libnet.so
6b936000-6b937000 r--p 00014000 fc:00 5907806    /usr/lib/jvm/java-6-openjdk/jre/lib/i386/libnet.so
6b937000-6b938000 rw-p 00015000 fc:00 5907806    /usr/lib/jvm/java-6-openjdk/jre/lib/i386/libnet.so
6b938000-6b93b000 r--s 0007d000 fc:00 5907757    /usr/lib/jvm/java-6-openjdk/jre/lib/jsse.jar
6b93b000-6b94d000 r--s 003e4000 00:19 11567153   /home/smoser/cgUnibe/jogl-2.0-b368-20110419-linux-amd64/jar/jogl.all.jar
6b94d000-6b950000 r--s 0001b000 00:19 11567150   /home/smoser/cgUnibe/jogl-2.0-b368-20110419-linux-amd64/jar/gluegen-rt.jar
6b950000-6b952000 r--s 0004c000 00:19 11568775   /home/smoser/cgUnibe/lib_j3d/ext/vecmath.jar
6b952000-6b969000 r--s 00443000 fc:00 5527703    /usr/local/share/java/jogl-j3d-gluegen/ext/jogl-all-noawt.jar
6b969000-6b96a000 r--s 00023000 fc:00 5527702    /usr/local/share/java/jogl-j3d-gluegen/ext/jogl-all-natives-linux-i586.jar
6b96a000-6b985000 r--s 00479000 fc:00 5527700    /usr/local/share/java/jogl-j3d-gluegen/ext/jogl-all.jar
6b985000-6b991000 r--s 002c7000 fc:00 5527708    /usr/local/share/java/jogl-j3d-gluegen/ext/j3dcore.jar
6b991000-6b99f000 r--s 00193000 fc:00 5527709    /usr/local/share/java/jogl-j3d-gluegen/ext/j3dutils.jar
6b99f000-6b9a7000 r--s 00089000 fc:00 5527705    /usr/local/share/java/jogl-j3d-gluegen/ext/gluegen.jar
6b9a7000-6b9a8000 ---p 00000000 00:00 0 
6b9a8000-6ba28000 rw-p 00000000 00:00 0 
6ba28000-6ba2b000 ---p 00000000 00:00 0 
6ba2b000-6ba79000 rw-p 00000000 00:00 0 
6ba79000-6ba7c000 ---p 00000000 00:00 0 
6ba7c000-6bafa000 rw-p 00000000 00:00 0 
6bafa000-6bafd000 ---p 00000000 00:00 0 
6bafd000-6bb7b000 rw-p 00000000 00:00 0 
6bb7b000-6bb7e000 ---p 00000000 00:00 0 
6bb7e000-6bbcc000 rw-p 00000000 00:00 0 
6bbcc000-6bbcf000 ---p 00000000 00:00 0 
6bbcf000-6bc1d000 rw-p 00000000 00:00 0 
6bc1d000-6bc20000 ---p 00000000 00:00 0 
6bc20000-6bc6e000 rw-p 00000000 00:00 0 
6bc6e000-6bc79000 r-xp 00000000 fc:00 793706     /lib/i386-linux-gnu/libnss_files-2.13.so
6bc79000-6bc7a000 r--p 0000a000 fc:00 793706     /lib/i386-linux-gnu/libnss_files-2.13.so
6bc7a000-6bc7b000 rw-p 0000b000 fc:00 793706     /lib/i386-linux-gnu/libnss_files-2.13.so
6bc7b000-6bc7e000 ---p 00000000 00:00 0 
6bc7e000-6bccc000 rw-p 00000000 00:00 0 
6bccc000-6bccf000 ---p 00000000 00:00 0 
6bccf000-6bd1d000 rw-p 00000000 00:00 0 
6bd1d000-6bd20000 ---p 00000000 00:00 0 
6bd20000-6bd6e000 rw-p 00000000 00:00 0 
6bd6e000-6bf00000 r--s 037bf000 fc:00 5907786    /usr/lib/jvm/java-6-openjdk/jre/lib/rt.jar
6bf00000-6bffe000 rw-p 00000000 00:00 0 
6bffe000-6c000000 ---p 00000000 00:00 0 
6c000000-6c001000 r--s 00000000 fc:00 666292     /var/cache/fontconfig/98d684ad3abba16030bd60992dc9c5d7-le32d4.cache-3
6c001000-6c002000 r--s 00000000 fc:00 666305     /var/cache/fontconfig/4794a0821666d79190d59a36cb4f44b5-le32d4.cache-3
6c002000-6c007000 r--s 0002c000 fc:00 5527706    /usr/local/share/java/jogl-j3d-gluegen/ext/gluegen-rt.jar
6c007000-6c01b000 r--s 002ca000 fc:00 5527701    /usr/local/share/java/jogl-j3d-gluegen/ext/jogl-all-mobile.jar
6c01b000-6c02c000 r--s 000b5000 fc:00 5527704    /usr/local/share/java/jogl-j3d-gluegen/ext/jogl-test.jar
6c02c000-6c030000 r-xp 00000000 fc:00 5907814    /usr/lib/jvm/java-6-openjdk/jre/lib/i386/libdt_socket.so
6c030000-6c031000 r--p 00003000 fc:00 5907814    /usr/lib/jvm/java-6-openjdk/jre/lib/i386/libdt_socket.so
6c031000-6c032000 rw-p 00004000 fc:00 5907814    /usr/lib/jvm/java-6-openjdk/jre/lib/i386/libdt_socket.so
6c032000-6c033000 ---p 00000000 00:00 0 
6c033000-6c0e6000 rw-p 00000000 00:00 0 
6c0e6000-6c0e7000 ---p 00000000 00:00 0 
6c0e7000-6c167000 rw-p 00000000 00:00 0 
6c167000-6c168000 ---p 00000000 00:00 0 
6c168000-6c1f0000 rw-p 00000000 00:00 0 
6c1f0000-6c228000 rw-p 00000000 00:00 0 
6c228000-6c23d000 rw-p 00000000 00:00 0 
6c23d000-6c378000 rw-p 00000000 00:00 0 
6c378000-6c380000 rw-p 00000000 00:00 0 
6c380000-6c3b8000 rw-p 00000000 00:00 0 
6c3b8000-6c3cd000 rw-p 00000000 00:00 0 
6c3cd000-6c507000 rw-p 00000000 00:00 0 
6c507000-6c512000 rw-p 00000000 00:00 0 
6c512000-6c5af000 rw-p 00000000 00:00 0 
6c5af000-6d5b0000 rw-p 00000000 00:00 0 
6d5b0000-745b0000 rw-p 00000000 00:00 0 
745b0000-76fa0000 rw-p 00000000 00:00 0 
76fa0000-9e460000 rw-p 00000000 00:00 0 
9e460000-9f950000 rw-p 00000000 00:00 0 
9f950000-b33b0000 rw-p 00000000 00:00 0 
b33b0000-b33b1000 r--s 00000000 fc:00 5527707    /usr/local/share/java/jogl-j3d-gluegen/ext/gluegen-rt-natives-linux-i586.jar
b33b1000-b33b3000 r--s 0000f000 fc:00 5907737    /usr/lib/jvm/java-6-openjdk/jre/lib/ext/pulse-java.jar
b33b3000-b33bc000 rw-p 00000000 00:00 0 
b33bc000-b3473000 rw-p 00000000 00:00 0 
b3473000-b36b3000 rwxp 00000000 00:00 0 
b36b3000-b6473000 rw-p 00000000 00:00 0 
b6473000-b64a8000 r--s 00000000 fc:00 666060     /var/cache/nscd/passwd
b64a8000-b66a8000 r--p 00000000 fc:00 1197144    /usr/lib/locale/locale-archive
b66a8000-b66e6000 r-xp 00000000 fc:00 5907816    /usr/lib/jvm/java-6-openjdk/jre/lib/i386/libjdwp.so
b66e6000-b66e7000 r--p 0003d000 fc:00 5907816    /usr/lib/jvm/java-6-openjdk/jre/lib/i386/libjdwp.so
b66e7000-b66e8000 rw-p 0003e000 fc:00 5907816    /usr/lib/jvm/java-6-openjdk/jre/lib/i386/libjdwp.so
b66e8000-b670e000 r-xp 00000000 fc:00 5907812    /usr/lib/jvm/java-6-openjdk/jre/lib/i386/libjava.so
b670e000-b670f000 r--p 00025000 fc:00 5907812    /usr/lib/jvm/java-6-openjdk/jre/lib/i386/libjava.so
b670f000-b6711000 rw-p 00026000 fc:00 5907812    /usr/lib/jvm/java-6-openjdk/jre/lib/i386/libjava.so
b6711000-b6718000 r-xp 00000000 fc:00 793713     /lib/i386-linux-gnu/librt-2.13.so
b6718000-b6719000 r--p 00006000 fc:00 793713     /lib/i386-linux-gnu/librt-2.13.so
b6719000-b671a000 rw-p 00007000 fc:00 793713     /lib/i386-linux-gnu/librt-2.13.so
b671a000-b671d000 ---p 00000000 00:00 0 
b671d000-b676b000 rw-p 00000000 00:00 0 
b676b000-b6787000 r-xp 00000000 fc:00 793518     /lib/i386-linux-gnu/libgcc_s.so.1
b6787000-b6788000 r--p 0001b000 fc:00 793518     /lib/i386-linux-gnu/libgcc_s.so.1
b6788000-b6789000 rw-p 0001c000 fc:00 793518     /lib/i386-linux-gnu/libgcc_s.so.1
b6789000-b67b1000 r-xp 00000000 fc:00 793701     /lib/i386-linux-gnu/libm-2.13.so
b67b1000-b67b2000 r--p 00028000 fc:00 793701     /lib/i386-linux-gnu/libm-2.13.so
b67b2000-b67b3000 rw-p 00029000 fc:00 793701     /lib/i386-linux-gnu/libm-2.13.so
b67b3000-b6891000 r-xp 00000000 fc:00 800785     /usr/lib/i386-linux-gnu/libstdc++.so.6.0.16
b6891000-b6892000 ---p 000de000 fc:00 800785     /usr/lib/i386-linux-gnu/libstdc++.so.6.0.16
b6892000-b6896000 r--p 000de000 fc:00 800785     /usr/lib/i386-linux-gnu/libstdc++.so.6.0.16
b6896000-b6897000 rw-p 000e2000 fc:00 800785     /usr/lib/i386-linux-gnu/libstdc++.so.6.0.16
b6897000-b689e000 rw-p 00000000 00:00 0 
b689e000-b70bc000 r-xp 00000000 fc:00 5907794    /usr/lib/jvm/java-6-openjdk/jre/lib/i386/server/libjvm.so
b70bc000-b7101000 r--p 0081e000 fc:00 5907794    /usr/lib/jvm/java-6-openjdk/jre/lib/i386/server/libjvm.so
b7101000-b7110000 rw-p 00863000 fc:00 5907794    /usr/lib/jvm/java-6-openjdk/jre/lib/i386/server/libjvm.so
b7110000-b752c000 rw-p 00000000 00:00 0 
b752c000-b753f000 r-xp 00000000 fc:00 793569     /lib/i386-linux-gnu/libz.so.1.2.3.4
b753f000-b7540000 r--p 00012000 fc:00 793569     /lib/i386-linux-gnu/libz.so.1.2.3.4
b7540000-b7541000 rw-p 00013000 fc:00 793569     /lib/i386-linux-gnu/libz.so.1.2.3.4
b7541000-b76b9000 r-xp 00000000 fc:00 793697     /lib/i386-linux-gnu/libc-2.13.so
b76b9000-b76bb000 r--p 00178000 fc:00 793697     /lib/i386-linux-gnu/libc-2.13.so
b76bb000-b76bc000 rw-p 0017a000 fc:00 793697     /lib/i386-linux-gnu/libc-2.13.so
b76bc000-b76bf000 rw-p 00000000 00:00 0 
b76bf000-b76c2000 r-xp 00000000 fc:00 793700     /lib/i386-linux-gnu/libdl-2.13.so
b76c2000-b76c3000 r--p 00002000 fc:00 793700     /lib/i386-linux-gnu/libdl-2.13.so
b76c3000-b76c4000 rw-p 00003000 fc:00 793700     /lib/i386-linux-gnu/libdl-2.13.so
b76c4000-b76c8000 r-xp 00000000 fc:00 5907808    /usr/lib/jvm/java-6-openjdk/jre/lib/i386/jli/libjli.so
b76c8000-b76c9000 r--p 00003000 fc:00 5907808    /usr/lib/jvm/java-6-openjdk/jre/lib/i386/jli/libjli.so
b76c9000-b76ca000 rw-p 00004000 fc:00 5907808    /usr/lib/jvm/java-6-openjdk/jre/lib/i386/jli/libjli.so
b76ca000-b76cb000 rw-p 00000000 00:00 0 
b76cb000-b76e2000 r-xp 00000000 fc:00 793711     /lib/i386-linux-gnu/libpthread-2.13.so
b76e2000-b76e3000 r--p 00016000 fc:00 793711     /lib/i386-linux-gnu/libpthread-2.13.so
b76e3000-b76e4000 rw-p 00017000 fc:00 793711     /lib/i386-linux-gnu/libpthread-2.13.so
b76e4000-b76e6000 rw-p 00000000 00:00 0 
b76e6000-b76e7000 r--p 00000000 00:00 0 
b76e7000-b76e9000 r--s 0004c000 fc:00 5527710    /usr/local/share/java/jogl-j3d-gluegen/ext/vecmath.jar
b76e9000-b76f0000 r-xp 00000000 fc:00 5907792    /usr/lib/jvm/java-6-openjdk/jre/lib/i386/libzip.so
b76f0000-b76f1000 r--p 00006000 fc:00 5907792    /usr/lib/jvm/java-6-openjdk/jre/lib/i386/libzip.so
b76f1000-b76f2000 rw-p 00007000 fc:00 5907792    /usr/lib/jvm/java-6-openjdk/jre/lib/i386/libzip.so
b76f2000-b76fa000 rw-s 00000000 fc:00 4325421    /tmp/hsperfdata_smoser/5849
b76fa000-b76fd000 r-xp 00000000 fc:00 5907800    /usr/lib/jvm/java-6-openjdk/jre/lib/i386/libnpt.so
b76fd000-b76fe000 r--p 00002000 fc:00 5907800    /usr/lib/jvm/java-6-openjdk/jre/lib/i386/libnpt.so
b76fe000-b76ff000 rw-p 00003000 fc:00 5907800    /usr/lib/jvm/java-6-openjdk/jre/lib/i386/libnpt.so
b76ff000-b7700000 rw-p 00000000 00:00 0 
b7700000-b7701000 r--p 00000000 00:00 0 
b7701000-b770c000 r-xp 00000000 fc:00 5907799    /usr/lib/jvm/java-6-openjdk/jre/lib/i386/libverify.so
b770c000-b770d000 ---p 0000b000 fc:00 5907799    /usr/lib/jvm/java-6-openjdk/jre/lib/i386/libverify.so
b770d000-b770e000 r--p 0000b000 fc:00 5907799    /usr/lib/jvm/java-6-openjdk/jre/lib/i386/libverify.so
b770e000-b770f000 rw-p 0000c000 fc:00 5907799    /usr/lib/jvm/java-6-openjdk/jre/lib/i386/libverify.so
b770f000-b7711000 rw-p 00000000 00:00 0 
b7711000-b7712000 r-xp 00000000 00:00 0          [vdso]
b7712000-b7730000 r-xp 00000000 fc:00 793623     /lib/i386-linux-gnu/ld-2.13.so
b7730000-b7731000 r--p 0001d000 fc:00 793623     /lib/i386-linux-gnu/ld-2.13.so
b7731000-b7732000 rw-p 0001e000 fc:00 793623     /lib/i386-linux-gnu/ld-2.13.so
bf7f4000-bf815000 rw-p 00000000 00:00 0          [stack]

VM Arguments:
jvm_args: -agentlib:jdwp=transport=dt_socket,suspend=y,address=localhost:60268 -Djava.library.path=/home/smoser/cgUnibe/jogl-2.0-b368-20110419-linux-amd64/lib:/home/smoser/cgUnibe/jogl-2.0-b368-20110419-linux-amd64/lib:/home/smoser/cgUnibe/jogl-2.0-b368-20110419-linux-amd64/lib:/home/smoser/cgUnibe/jogl-2.0-b368-20110419-linux-amd64/lib -Dfile.encoding=UTF-8 
java_command: task1.DrawObject
Launcher Type: SUN_STANDARD

Environment Variables:
PATH=/opt/maple9.5/bin:/usr/local/sbin:/usr/local/bin:/usr/sbin:/usr/bin:/sbin:/bin:/usr/games:/opt/root/5.32.01/bin
LD_LIBRARY_PATH=/usr/lib/jvm/java-6-openjdk/jre/lib/i386/server:/usr/lib/jvm/java-6-openjdk/jre/lib/i386:/usr/lib/jvm/java-6-openjdk/jre/../lib/i386:/usr/lib/jvm/java-6-openjdk/jre/lib/i386/client:/usr/lib/jvm/java-6-openjdk/jre/lib/i386:
SHELL=/bin/tcsh
DISPLAY=:0
HOSTTYPE=i386-linux
OSTYPE=linux
MACHTYPE=i386

Signal Handlers:
SIGSEGV: [libjvm.so+0x66a730], sa_mask[0]=0x7ffbfeff, sa_flags=0x10000004
SIGBUS: [libjvm.so+0x66a730], sa_mask[0]=0x7ffbfeff, sa_flags=0x10000004
SIGFPE: [libjvm.so+0x52e360], sa_mask[0]=0x7ffbfeff, sa_flags=0x10000004
SIGPIPE: [libjvm.so+0x52e360], sa_mask[0]=0x7ffbfeff, sa_flags=0x10000004
SIGXFSZ: [libjvm.so+0x52e360], sa_mask[0]=0x7ffbfeff, sa_flags=0x10000004
SIGILL: [libjvm.so+0x52e360], sa_mask[0]=0x7ffbfeff, sa_flags=0x10000004
SIGUSR1: SIG_DFL, sa_mask[0]=0x00000000, sa_flags=0x00000000
SIGUSR2: [libjvm.so+0x52e1f0], sa_mask[0]=0x00000004, sa_flags=0x10000004
SIGHUP: [libjvm.so+0x531290], sa_mask[0]=0x7ffbfeff, sa_flags=0x10000004
SIGINT: [libjvm.so+0x531290], sa_mask[0]=0x7ffbfeff, sa_flags=0x10000004
SIGTERM: [libjvm.so+0x531290], sa_mask[0]=0x7ffbfeff, sa_flags=0x10000004
SIGQUIT: [libjvm.so+0x531290], sa_mask[0]=0x7ffbfeff, sa_flags=0x10000004


---------------  S Y S T E M  ---------------

OS:Ubuntu 11.10 (oneiric)
uname:Linux 3.0.0-26-generic-pae #42-Ubuntu SMP Wed Sep 5 08:58:09 UTC 2012 i686
libc:glibc 2.13 NPTL 2.13 
rlimit: STACK 8192k, CORE 0k, NPROC 32015, NOFILE 4096, AS infinity
load average:0.95 0.83 0.79

/proc/meminfo:
MemTotal:        4117968 kB
MemFree:         1826072 kB
Buffers:           59564 kB
Cached:          1313044 kB
SwapCached:            0 kB
Active:           958200 kB
Inactive:        1161932 kB
Active(anon):     748308 kB
Inactive(anon):     2108 kB
Active(file):     209892 kB
Inactive(file):  1159824 kB
Unevictable:         128 kB
Mlocked:             128 kB
HighTotal:       3276824 kB
HighFree:        1191640 kB
LowTotal:         841144 kB
LowFree:          634432 kB
SwapTotal:      16777212 kB
SwapFree:       16777212 kB
Dirty:               876 kB
Writeback:             0 kB
AnonPages:        747688 kB
Mapped:           221424 kB
Shmem:              2900 kB
Slab:              49788 kB
SReclaimable:      32724 kB
SUnreclaim:        17064 kB
KernelStack:        3464 kB
PageTables:         7660 kB
NFS_Unstable:          0 kB
Bounce:                0 kB
WritebackTmp:          0 kB
CommitLimit:    18836196 kB
Committed_AS:    2563488 kB
VmallocTotal:     122880 kB
VmallocUsed:       69800 kB
VmallocChunk:      42276 kB
HardwareCorrupted:     0 kB
AnonHugePages:         0 kB
HugePages_Total:       0
HugePages_Free:        0
HugePages_Rsvd:        0
HugePages_Surp:        0
Hugepagesize:       2048 kB
DirectMap4k:      118776 kB
DirectMap2M:      794624 kB


CPU:total 2 (2 cores per cpu, 1 threads per core) family 6 model 23 stepping 10, cmov, cx8, fxsr, mmx, sse, sse2, sse3, ssse3

Memory: 4k page, physical 4117968k(1826072k free), swap 16777212k(16777212k free)

vm_info: OpenJDK Server VM (20.0-b12) for linux-x86 JRE (1.6.0_24-b24), built on Sep  1 2012 08:20:12 by "buildd" with gcc 4.6.1

time: Wed Sep 26 18:38:27 2012
elapsed time: 77 seconds

