#
# A fatal error has been detected by the Java Runtime Environment:
#
#  EXCEPTION_ACCESS_VIOLATION (0xc0000005) at pc=0x00000001800030a0, pid=6368, tid=5252
#
# JRE version: 7.0_09-b05
# Java VM: Java HotSpot(TM) 64-Bit Server VM (23.5-b02 mixed mode windows-amd64 compressed oops)
# Problematic frame:
# C  [ig7icd64.dll+0x30a0]
#
# Failed to write core dump. Minidumps are not enabled by default on client versions of Windows
#
# If you would like to submit a bug report, please visit:
#   http://bugreport.sun.com/bugreport/crash.jsp
# The crash happened outside the Java Virtual Machine in native code.
# See problematic frame for where to report the bug.
#

---------------  T H R E A D  ---------------

Current thread (0x000000000cfdc000):  JavaThread "AWT-EventQueue-0" [_thread_in_native, id=5252, stack(0x000000000eab0000,0x000000000ebb0000)]

siginfo: ExceptionCode=0xc0000005, reading address 0x0000000000000000

Registers:
RAX=0x0000000000000000, RBX=0x000000000f1300a8, RCX=0x0000000000000000, RDX=0x0000000000000000
RSP=0x000000000ebad580, RBP=0x000000000f13f528, RSI=0x000000000f13fcd8, RDI=0x0000000011db5000
R8 =0x0000000000007080, R9 =0x00000000000000e1, R10=0x0000000000000000, R11=0x0000000012544a50
R12=0x0000000000000000, R13=0x0000000000000000, R14=0x00000000101d9ea0, R15=0x0000000000007080
RIP=0x00000001800030a0, EFLAGS=0x0000000000010206

Top of Stack: (sp=0x000000000ebad580)
0x000000000ebad580:   08090a0b0c0d0e0f 0001020304050607
0x000000000ebad590:   0000000000000000 0000000000000000
0x000000000ebad5a0:   0000000000000000 0000000000000000
0x000000000ebad5b0:   0000000011db5000 0000000180077533
0x000000000ebad5c0:   000000000f1300a8 000000000f1300a8
0x000000000ebad5d0:   000000000f13f528 0000000000000000
0x000000000ebad5e0:   0000000000000004 0000000000000000
0x000000000ebad5f0:   0000000100000000 0000000000000000
0x000000000ebad600:   0000000000000000 0000000000000001
0x000000000ebad610:   0000000000000000 0000000000000009
0x000000000ebad620:   000000000f13fcd8 0000000000000960
0x000000000ebad630:   0000000000000006 000000000f13f528
0x000000000ebad640:   000000000f1300a8 000000018007a024
0x000000000ebad650:   0000000000000000 0000000000000000
0x000000000ebad660:   0000000000000960 0000000000000001
0x000000000ebad670:   0000000000060000 0000000000000000 

Instructions: (pc=0x00000001800030a0)
0x0000000180003080:   c2 10 66 0f e7 47 f0 49 3b c2 72 e4 e9 ab 00 00
0x0000000180003090:   00 4d 8b c8 44 8b d1 49 c1 e9 07 4d 85 c9 74 62
0x00000001800030a0:   66 0f 6f 3a 66 0f 6f 72 10 66 0f 6f 6a 20 41 ff
0x00000001800030b0:   c2 48 83 ef 80 41 8b c2 66 0f 6f 62 30 66 0f 6f 


Register to memory mapping:

RAX=0x0000000000000000 is an unknown value
RBX=0x000000000f1300a8 is an unknown value
RCX=0x0000000000000000 is an unknown value
RDX=0x0000000000000000 is an unknown value
RSP=0x000000000ebad580 is pointing into the stack for thread: 0x000000000cfdc000
RBP=0x000000000f13f528 is an unknown value
RSI=0x000000000f13fcd8 is an unknown value
RDI=0x0000000011db5000 is an unknown value
R8 =0x0000000000007080 is an unknown value
R9 =0x00000000000000e1 is an unknown value
R10=0x0000000000000000 is an unknown value
R11=0x0000000012544a50 is an unknown value
R12=0x0000000000000000 is an unknown value
R13=0x0000000000000000 is an unknown value
R14=0x00000000101d9ea0 is an unknown value
R15=0x0000000000007080 is an unknown value


Stack: [0x000000000eab0000,0x000000000ebb0000],  sp=0x000000000ebad580,  free space=1013k
Native frames: (J=compiled Java code, j=interpreted, Vv=VM code, C=native code)
C  [ig7icd64.dll+0x30a0]

Java frames: (J=compiled Java code, j=interpreted, Vv=VM code)
j  jogamp.opengl.gl4.GL4bcImpl.dispatch_glDrawArrays1(IIIJ)V+0
j  jogamp.opengl.gl4.GL4bcImpl.glDrawArrays(III)V+39
j  jrtr.GLRenderContext.draw(Ljrtr/RenderItem;)V+506
j  jrtr.GLRenderContext.display(Ljavax/media/opengl/GLAutoDrawable;)V+48
j  jrtr.GLRenderPanel$GLRenderContextEventListener.display(Ljavax/media/opengl/GLAutoDrawable;)V+5
j  jogamp.opengl.GLDrawableHelper.displayImpl(Ljavax/media/opengl/GLAutoDrawable;)V+58
j  jogamp.opengl.GLDrawableHelper.display(Ljavax/media/opengl/GLAutoDrawable;)V+2
j  javax.media.opengl.awt.GLCanvas$7.run()V+118
j  jogamp.opengl.GLDrawableHelper.invokeGLImpl(Ljavax/media/opengl/GLDrawable;Ljavax/media/opengl/GLContext;Ljava/lang/Runnable;Ljava/lang/Runnable;Ljavax/media/opengl/GLAutoDrawable;)V+137
j  jogamp.opengl.GLDrawableHelper.invokeGL(Ljavax/media/opengl/GLDrawable;Ljavax/media/opengl/GLContext;Ljava/lang/Runnable;Ljava/lang/Runnable;)V+85
j  javax.media.opengl.awt.GLCanvas$8.run()V+49
j  javax.media.opengl.Threading.invoke(ZLjava/lang/Runnable;Ljava/lang/Object;)V+33
j  javax.media.opengl.awt.GLCanvas.display()V+50
j  javax.media.opengl.awt.GLCanvas.paint(Ljava/awt/Graphics;)V+135
j  javax.media.opengl.awt.GLCanvas.update(Ljava/awt/Graphics;)V+2
j  sun.awt.RepaintArea.updateComponent(Ljava/awt/Component;Ljava/awt/Graphics;)V+6
j  sun.awt.RepaintArea.paint(Ljava/lang/Object;Z)V+263
j  sun.awt.windows.WComponentPeer.handleEvent(Ljava/awt/AWTEvent;)V+155
j  java.awt.Component.dispatchEventImpl(Ljava/awt/AWTEvent;)V+869
j  java.awt.Component.dispatchEvent(Ljava/awt/AWTEvent;)V+2
j  java.awt.EventQueue.dispatchEventImpl(Ljava/awt/AWTEvent;Ljava/lang/Object;)V+41
j  java.awt.EventQueue.access$200(Ljava/awt/EventQueue;Ljava/awt/AWTEvent;Ljava/lang/Object;)V+3
j  java.awt.EventQueue$3.run()Ljava/lang/Void;+12
j  java.awt.EventQueue$3.run()Ljava/lang/Object;+1
v  ~StubRoutines::call_stub
j  java.security.AccessController.doPrivileged(Ljava/security/PrivilegedAction;Ljava/security/AccessControlContext;)Ljava/lang/Object;+0
j  java.security.ProtectionDomain$1.doIntersectionPrivilege(Ljava/security/PrivilegedAction;Ljava/security/AccessControlContext;Ljava/security/AccessControlContext;)Ljava/lang/Object;+28
j  java.security.ProtectionDomain$1.doIntersectionPrivilege(Ljava/security/PrivilegedAction;Ljava/security/AccessControlContext;)Ljava/lang/Object;+6
j  java.awt.EventQueue$4.run()Ljava/lang/Void;+11
j  java.awt.EventQueue$4.run()Ljava/lang/Object;+1
v  ~StubRoutines::call_stub
j  java.security.AccessController.doPrivileged(Ljava/security/PrivilegedAction;Ljava/security/AccessControlContext;)Ljava/lang/Object;+0
j  java.security.ProtectionDomain$1.doIntersectionPrivilege(Ljava/security/PrivilegedAction;Ljava/security/AccessControlContext;Ljava/security/AccessControlContext;)Ljava/lang/Object;+28
j  java.awt.EventQueue.dispatchEvent(Ljava/awt/AWTEvent;)V+73
j  java.awt.EventDispatchThread.pumpOneEventForFilters(I)V+245
j  java.awt.EventDispatchThread.pumpEventsForFilter(ILjava/awt/Conditional;Ljava/awt/EventFilter;)V+48
j  java.awt.EventDispatchThread.pumpEventsForHierarchy(ILjava/awt/Conditional;Ljava/awt/Component;)V+11
j  java.awt.EventDispatchThread.pumpEvents(ILjava/awt/Conditional;)V+4
j  java.awt.EventDispatchThread.pumpEvents(Ljava/awt/Conditional;)V+3
j  java.awt.EventDispatchThread.run()V+9
v  ~StubRoutines::call_stub

---------------  P R O C E S S  ---------------

Java Threads: ( => current thread )
  0x000000000d320000 JavaThread "Timer-0" [_thread_blocked, id=1824, stack(0x0000000013840000,0x0000000013940000)]
  0x000000000028d000 JavaThread "DestroyJavaVM" [_thread_blocked, id=2424, stack(0x0000000002070000,0x0000000002170000)]
  0x000000000d5e9800 JavaThread "main-SharedResourceRunner" daemon [_thread_blocked, id=2696, stack(0x000000000e3f0000,0x000000000e4f0000)]
=>0x000000000cfdc000 JavaThread "AWT-EventQueue-0" [_thread_in_native, id=5252, stack(0x000000000eab0000,0x000000000ebb0000)]
  0x000000000ce69000 JavaThread "AWT-Windows" daemon [_thread_in_native, id=8928, stack(0x000000000e6c0000,0x000000000e7c0000)]
  0x000000000ce66000 JavaThread "AWT-Shutdown" [_thread_blocked, id=6536, stack(0x000000000e510000,0x000000000e610000)]
  0x000000000cead800 JavaThread "Java2D Disposer" daemon [_thread_blocked, id=8908, stack(0x000000000e2e0000,0x000000000e3e0000)]
  0x000000000b0a3000 JavaThread "Service Thread" daemon [_thread_blocked, id=7460, stack(0x000000000c390000,0x000000000c490000)]
  0x000000000b0a0800 JavaThread "C2 CompilerThread1" daemon [_thread_blocked, id=6564, stack(0x000000000c920000,0x000000000ca20000)]
  0x000000000b088000 JavaThread "C2 CompilerThread0" daemon [_thread_blocked, id=1628, stack(0x000000000c7a0000,0x000000000c8a0000)]
  0x000000000b083000 JavaThread "Attach Listener" daemon [_thread_blocked, id=2468, stack(0x000000000c5c0000,0x000000000c6c0000)]
  0x000000000b07b800 JavaThread "Signal Dispatcher" daemon [_thread_blocked, id=6320, stack(0x000000000c050000,0x000000000c150000)]
  0x0000000001dd6800 JavaThread "Finalizer" daemon [_thread_blocked, id=8724, stack(0x000000000c490000,0x000000000c590000)]
  0x0000000001dcf800 JavaThread "Reference Handler" daemon [_thread_blocked, id=4812, stack(0x000000000c280000,0x000000000c380000)]

Other Threads:
  0x000000000b002000 VMThread [stack: 0x000000000c180000,0x000000000c280000] [id=8716]
  0x000000000b0be000 WatcherThread [stack: 0x000000000cbb0000,0x000000000ccb0000] [id=7592]

VM state:not at safepoint (normal execution)

VM Mutex/Monitor currently owned by a thread: None

Heap
 PSYoungGen      total 36800K, used 9336K [0x00000007d6e00000, 0x00000007db5e0000, 0x0000000800000000)
  eden space 31552K, 13% used [0x00000007d6e00000,0x00000007d7203678,0x00000007d8cd0000)
  from space 5248K, 99% used [0x00000007d8cd0000,0x00000007d91ead80,0x00000007d91f0000)
  to   space 5248K, 0% used [0x00000007db0c0000,0x00000007db0c0000,0x00000007db5e0000)
 ParOldGen       total 84224K, used 2143K [0x0000000784a00000, 0x0000000789c40000, 0x00000007d6e00000)
  object space 84224K, 2% used [0x0000000784a00000,0x0000000784c17d60,0x0000000789c40000)
 PSPermGen       total 21248K, used 15745K [0x000000077f800000, 0x0000000780cc0000, 0x0000000784a00000)
  object space 21248K, 74% used [0x000000077f800000,0x0000000780760540,0x0000000780cc0000)

Card table byte_map: [0x0000000005170000,0x0000000005580000] byte_map_base: 0x0000000001574000

Polling page: 0x0000000000100000

Code Cache  [0x0000000002170000, 0x00000000023e0000, 0x0000000005170000)
 total_blobs=831 nmethods=172 adapters=610 free_code_cache=48155Kb largest_free_block=49272192

Compilation events (10 events):
Event: 3.254 Thread 0x000000000b0a0800 nmethod 167 0x000000000226ec90 code [0x000000000226ee40, 0x000000000226fa58]
Event: 3.334 Thread 0x000000000b0a0800  168             java.nio.Buffer::nextPutIndex (31 bytes)
Event: 3.334 Thread 0x000000000b088000  169             jrtr.VertexData$VertexElement::getData (5 bytes)
Event: 3.335 Thread 0x000000000b088000 nmethod 169 0x00000000021d3e90 code [0x00000000021d3fc0, 0x00000000021d4038]
Event: 3.335 Thread 0x000000000b088000  170             java.nio.HeapFloatBuffer::put (16 bytes)
Event: 3.335 Thread 0x000000000b0a0800 nmethod 168 0x00000000021d3c50 code [0x00000000021d3d80, 0x00000000021d3df8]
Event: 3.335 Thread 0x000000000b0a0800  171             java.nio.HeapFloatBuffer::ix (7 bytes)
Event: 3.335 Thread 0x000000000b0a0800 nmethod 171 0x00000000021d3a10 code [0x00000000021d3b40, 0x00000000021d3b98]
Event: 3.336 Thread 0x000000000b0a0800    5 %           jrtr.GLRenderContext::draw @ 224 (544 bytes)
Event: 3.337 Thread 0x000000000b088000 nmethod 170 0x000000000225c150 code [0x000000000225c280, 0x000000000225c358]

GC Heap History (6 events):
Event: 1.286 GC heap before
{Heap before GC invocations=1 (full 0):
 PSYoungGen      total 36800K, used 31552K [0x00000007d6e00000, 0x00000007d9710000, 0x0000000800000000)
  eden space 31552K, 100% used [0x00000007d6e00000,0x00000007d8cd0000,0x00000007d8cd0000)
  from space 5248K, 0% used [0x00000007d91f0000,0x00000007d91f0000,0x00000007d9710000)
  to   space 5248K, 0% used [0x00000007d8cd0000,0x00000007d8cd0000,0x00000007d91f0000)
 ParOldGen       total 84224K, used 0K [0x0000000784a00000, 0x0000000789c40000, 0x00000007d6e00000)
  object space 84224K, 0% used [0x0000000784a00000,0x0000000784a00000,0x0000000789c40000)
 PSPermGen       total 21248K, used 11947K [0x000000077f800000, 0x0000000780cc0000, 0x0000000784a00000)
  object space 21248K, 56% used [0x000000077f800000,0x00000007803aac48,0x0000000780cc0000)
Event: 1.294 GC heap after
Heap after GC invocations=1 (full 0):
 PSYoungGen      total 36800K, used 2792K [0x00000007d6e00000, 0x00000007d9710000, 0x0000000800000000)
  eden space 31552K, 0% used [0x00000007d6e00000,0x00000007d6e00000,0x00000007d8cd0000)
  from space 5248K, 53% used [0x00000007d8cd0000,0x00000007d8f8a0c0,0x00000007d91f0000)
  to   space 5248K, 0% used [0x00000007d91f0000,0x00000007d91f0000,0x00000007d9710000)
 ParOldGen       total 84224K, used 8K [0x0000000784a00000, 0x0000000789c40000, 0x00000007d6e00000)
  object space 84224K, 0% used [0x0000000784a00000,0x0000000784a02000,0x0000000789c40000)
 PSPermGen       total 21248K, used 11947K [0x000000077f800000, 0x0000000780cc0000, 0x0000000784a00000)
  object space 21248K, 56% used [0x000000077f800000,0x00000007803aac48,0x0000000780cc0000)
}
Event: 2.843 GC heap before
{Heap before GC invocations=2 (full 0):
 PSYoungGen      total 36800K, used 33509K [0x00000007d6e00000, 0x00000007d9710000, 0x0000000800000000)
  eden space 31552K, 97% used [0x00000007d6e00000,0x00000007d8bff5b8,0x00000007d8cd0000)
  from space 5248K, 53% used [0x00000007d8cd0000,0x00000007d8f8a0c0,0x00000007d91f0000)
  to   space 5248K, 0% used [0x00000007d91f0000,0x00000007d91f0000,0x00000007d9710000)
 ParOldGen       total 84224K, used 8K [0x0000000784a00000, 0x0000000789c40000, 0x00000007d6e00000)
  object space 84224K, 0% used [0x0000000784a00000,0x0000000784a02000,0x0000000789c40000)
 PSPermGen       total 21248K, used 15671K [0x000000077f800000, 0x0000000780cc0000, 0x0000000784a00000)
  object space 21248K, 73% used [0x000000077f800000,0x000000078074dd38,0x0000000780cc0000)
Event: 2.858 GC heap after
Heap after GC invocations=2 (full 0):
 PSYoungGen      total 36800K, used 4014K [0x00000007d6e00000, 0x00000007d9710000, 0x0000000800000000)
  eden space 31552K, 0% used [0x00000007d6e00000,0x00000007d6e00000,0x00000007d8cd0000)
  from space 5248K, 76% used [0x00000007d91f0000,0x00000007d95db8f8,0x00000007d9710000)
  to   space 5248K, 0% used [0x00000007d8cd0000,0x00000007d8cd0000,0x00000007d91f0000)
 ParOldGen       total 84224K, used 8K [0x0000000784a00000, 0x0000000789c40000, 0x00000007d6e00000)
  object space 84224K, 0% used [0x0000000784a00000,0x0000000784a02000,0x0000000789c40000)
 PSPermGen       total 21248K, used 15671K [0x000000077f800000, 0x0000000780cc0000, 0x0000000784a00000)
  object space 21248K, 73% used [0x000000077f800000,0x000000078074dd38,0x0000000780cc0000)
}
Event: 3.258 GC heap before
{Heap before GC invocations=3 (full 0):
 PSYoungGen      total 36800K, used 35566K [0x00000007d6e00000, 0x00000007d9710000, 0x0000000800000000)
  eden space 31552K, 100% used [0x00000007d6e00000,0x00000007d8cd0000,0x00000007d8cd0000)
  from space 5248K, 76% used [0x00000007d91f0000,0x00000007d95db8f8,0x00000007d9710000)
  to   space 5248K, 0% used [0x00000007d8cd0000,0x00000007d8cd0000,0x00000007d91f0000)
 ParOldGen       total 84224K, used 8K [0x0000000784a00000, 0x0000000789c40000, 0x00000007d6e00000)
  object space 84224K, 0% used [0x0000000784a00000,0x0000000784a02000,0x0000000789c40000)
 PSPermGen       total 21248K, used 15697K [0x000000077f800000, 0x0000000780cc0000, 0x0000000784a00000)
  object space 21248K, 73% used [0x000000077f800000,0x0000000780754518,0x0000000780cc0000)
Event: 3.269 GC heap after
Heap after GC invocations=3 (full 0):
 PSYoungGen      total 36800K, used 5227K [0x00000007d6e00000, 0x00000007db5e0000, 0x0000000800000000)
  eden space 31552K, 0% used [0x00000007d6e00000,0x00000007d6e00000,0x00000007d8cd0000)
  from space 5248K, 99% used [0x00000007d8cd0000,0x00000007d91ead80,0x00000007d91f0000)
  to   space 5248K, 0% used [0x00000007db0c0000,0x00000007db0c0000,0x00000007db5e0000)
 ParOldGen       total 84224K, used 2143K [0x0000000784a00000, 0x0000000789c40000, 0x00000007d6e00000)
  object space 84224K, 2% used [0x0000000784a00000,0x0000000784c17d60,0x0000000789c40000)
 PSPermGen       total 21248K, used 15697K [0x000000077f800000, 0x0000000780cc0000, 0x0000000784a00000)
  object space 21248K, 73% used [0x000000077f800000,0x0000000780754518,0x0000000780cc0000)
}

Deoptimization events (10 events):
Event: 0.994 Thread 0x000000000028d000 Uncommon trap -34 fr.pc 0x00000000021f5244
Event: 0.994 Thread 0x000000000028d000 Uncommon trap -34 fr.pc 0x00000000021f5244
Event: 0.994 Thread 0x000000000028d000 Uncommon trap -34 fr.pc 0x00000000021f5244
Event: 1.025 Thread 0x000000000028d000 Uncommon trap -83 fr.pc 0x00000000021eef70
Event: 1.920 Thread 0x000000000d5e9800 Uncommon trap -83 fr.pc 0x0000000002250b04
Event: 2.177 Thread 0x000000000028d000 Uncommon trap -12 fr.pc 0x00000000021fe5e0
Event: 2.192 Thread 0x000000000028d000 Uncommon trap -83 fr.pc 0x0000000002245f58
Event: 2.193 Thread 0x000000000028d000 Uncommon trap -83 fr.pc 0x0000000002246818
Event: 2.261 Thread 0x000000000028d000 Uncommon trap -34 fr.pc 0x00000000021e35d0
Event: 2.261 Thread 0x000000000028d000 Uncommon trap -34 fr.pc 0x00000000021e35d0

Internal exceptions (10 events):
Event: 2.511 Thread 0x000000000cfdc000 Threw 0x00000007d87f6a20 at C:\jdk7u1_64p\jdk7u9\hotspot\src\share\vm\prims\jvm.cpp:1166
Event: 2.513 Thread 0x000000000cfdc000 Threw 0x00000007d87f8a30 at C:\jdk7u1_64p\jdk7u9\hotspot\src\share\vm\prims\jvm.cpp:1166
Event: 2.515 Thread 0x000000000cfdc000 Threw 0x00000007d87fb080 at C:\jdk7u1_64p\jdk7u9\hotspot\src\share\vm\prims\jvm.cpp:1166
Event: 2.697 Thread 0x000000000cfdc000 Threw 0x00000007d8894b10 at C:\jdk7u1_64p\jdk7u9\hotspot\src\share\vm\prims\jvm.cpp:1166
Event: 2.823 Thread 0x000000000cfdc000 Threw 0x00000007d8b9c1c8 at C:\jdk7u1_64p\jdk7u9\hotspot\src\share\vm\prims\jvm.cpp:1166
Event: 3.325 Thread 0x000000000cfdc000 Threw 0x00000007d7135198 at C:\jdk7u1_64p\jdk7u9\hotspot\src\share\vm\prims\jvm.cpp:1166
Event: 3.326 Thread 0x000000000cfdc000 Threw 0x00000007d71393d0 at C:\jdk7u1_64p\jdk7u9\hotspot\src\share\vm\prims\jvm.cpp:1166
Event: 3.327 Thread 0x000000000cfdc000 Threw 0x00000007d713c990 at C:\jdk7u1_64p\jdk7u9\hotspot\src\share\vm\prims\jvm.cpp:1166
Event: 3.327 Thread 0x000000000cfdc000 Threw 0x00000007d713efe8 at C:\jdk7u1_64p\jdk7u9\hotspot\src\share\vm\prims\jvm.cpp:1166
Event: 3.365 Thread 0x000000000cfdc000 Threw 0x00000007d7179d88 at C:\jdk7u1_64p\jdk7u9\hotspot\src\share\vm\prims\jvm.cpp:1166

Events (10 events):
Event: 3.326 loading class 0x000000000d125070
Event: 3.326 loading class 0x000000000d125070 done
Event: 3.327 loading class 0x000000000d504ea0
Event: 3.327 loading class 0x000000000d504ea0 done
Event: 3.327 loading class 0x000000000b0eec60
Event: 3.327 loading class 0x000000000b0eec60 done
Event: 3.330 loading class 0x000000000d134160
Event: 3.330 loading class 0x000000000d134160 done
Event: 3.365 loading class 0x000000000cd5a920
Event: 3.365 loading class 0x000000000cd5a920 done


Dynamic libraries:
0x000000013fc00000 - 0x000000013fc34000 	C:\Program Files\Java\jre7\bin\javaw.exe
0x0000000077ca0000 - 0x0000000077e49000 	C:\Windows\SYSTEM32\ntdll.dll
0x0000000077b80000 - 0x0000000077c9f000 	C:\Windows\system32\kernel32.dll
0x000007fefe210000 - 0x000007fefe27c000 	C:\Windows\system32\KERNELBASE.dll
0x000007feff480000 - 0x000007feff55b000 	C:\Windows\system32\ADVAPI32.dll
0x000007feffc00000 - 0x000007feffc9f000 	C:\Windows\system32\msvcrt.dll
0x000007fefe530000 - 0x000007fefe54f000 	C:\Windows\SYSTEM32\sechost.dll
0x000007fefe550000 - 0x000007fefe67d000 	C:\Windows\system32\RPCRT4.dll
0x0000000077870000 - 0x000000007796a000 	C:\Windows\system32\USER32.dll
0x000007fefe680000 - 0x000007fefe6e7000 	C:\Windows\system32\GDI32.dll
0x000007feff6b0000 - 0x000007feff6be000 	C:\Windows\system32\LPK.dll
0x000007feffee0000 - 0x000007fefffa9000 	C:\Windows\system32\USP10.dll
0x000007fefd170000 - 0x000007fefd364000 	C:\Windows\WinSxS\amd64_microsoft.windows.common-controls_6595b64144ccf1df_6.0.7601.17514_none_fa396087175ac9ac\COMCTL32.dll
0x000007feff870000 - 0x000007feff8e1000 	C:\Windows\system32\SHLWAPI.dll
0x000007feffeb0000 - 0x000007feffede000 	C:\Windows\system32\IMM32.DLL
0x000007feff6c0000 - 0x000007feff7c9000 	C:\Windows\system32\MSCTF.dll
0x00000000661b0000 - 0x0000000066281000 	C:\Program Files\Java\jre7\bin\msvcr100.dll
0x0000000065a90000 - 0x00000000661af000 	C:\Program Files\Java\jre7\bin\server\jvm.dll
0x000007fef7890000 - 0x000007fef7899000 	C:\Windows\system32\WSOCK32.dll
0x000007feff660000 - 0x000007feff6ad000 	C:\Windows\system32\WS2_32.dll
0x000007feffbf0000 - 0x000007feffbf8000 	C:\Windows\system32\NSI.dll
0x000007fefbe20000 - 0x000007fefbe5b000 	C:\Windows\system32\WINMM.dll
0x0000000077e60000 - 0x0000000077e67000 	C:\Windows\system32\PSAPI.DLL
0x0000000065a80000 - 0x0000000065a8f000 	C:\Program Files\Java\jre7\bin\verify.dll
0x0000000065a50000 - 0x0000000065a78000 	C:\Program Files\Java\jre7\bin\java.dll
0x0000000065a30000 - 0x0000000065a45000 	C:\Program Files\Java\jre7\bin\zip.dll
0x00000000557b0000 - 0x0000000055943000 	C:\Program Files\Java\jre7\bin\awt.dll
0x000007feff580000 - 0x000007feff657000 	C:\Windows\system32\OLEAUT32.dll
0x000007feffca0000 - 0x000007feffea3000 	C:\Windows\system32\ole32.dll
0x000007fefdbc0000 - 0x000007fefdbd7000 	C:\Windows\system32\CRYPTSP.dll
0x000007fefd6e0000 - 0x000007fefd727000 	C:\Windows\system32\rsaenh.dll
0x000007fefcd60000 - 0x000007fefcd7e000 	C:\Windows\system32\USERENV.dll
0x000007fefe100000 - 0x000007fefe10f000 	C:\Windows\system32\profapi.dll
0x000007fefe030000 - 0x000007fefe03f000 	C:\Windows\system32\CRYPTBASE.dll
0x00000000658c0000 - 0x00000000658d9000 	C:\Program Files\Java\jre7\bin\net.dll
0x000007fefd9e0000 - 0x000007fefda35000 	C:\Windows\system32\mswsock.dll
0x000007fefda80000 - 0x000007fefda87000 	C:\Windows\System32\wship6.dll
0x000007fefbe90000 - 0x000007fefbea5000 	C:\Windows\system32\NLAapi.dll
0x000007fefb750000 - 0x000007fefb765000 	C:\Windows\system32\napinsp.dll
0x000007fefb730000 - 0x000007fefb749000 	C:\Windows\system32\pnrpnsp.dll
0x000007fefd7b0000 - 0x000007fefd80b000 	C:\Windows\system32\DNSAPI.dll
0x000007fefb720000 - 0x000007fefb72b000 	C:\Windows\System32\winrnr.dll
0x000007fefb710000 - 0x000007fefb720000 	C:\Windows\system32\wshbth.dll
0x000007fef8330000 - 0x000007fef835f000 	C:\Program Files\Common Files\Microsoft Shared\Windows Live\WLIDNSP.DLL
0x000007fefcc40000 - 0x000007fefcc47000 	C:\Windows\System32\wshtcpip.dll
0x000007fefae80000 - 0x000007fefaea7000 	C:\Windows\system32\IPHLPAPI.DLL
0x000007fefae70000 - 0x000007fefae7b000 	C:\Windows\system32\WINNSI.DLL
0x000007fef82e0000 - 0x000007fef82e8000 	C:\Windows\system32\rasadhlp.dll
0x000007fefab10000 - 0x000007fefab63000 	C:\Windows\System32\fwpuclnt.dll
0x00000000658a0000 - 0x00000000658b1000 	C:\Program Files\Java\jre7\bin\nio.dll
0x00000000637c0000 - 0x00000000637ca000 	C:\Users\Mazzzy\AppData\Local\Temp\jogamp_0000\file_cache\jln8481954349077357512\jln2186610900994738040\gluegen-rt.dll
0x000007fefc390000 - 0x000007fefc3e6000 	C:\Windows\system32\uxtheme.dll
0x000007fefc270000 - 0x000007fefc288000 	C:\Windows\system32\dwmapi.dll
0x00000000557a0000 - 0x00000000557a7000 	C:\Program Files\Java\jre7\bin\jawt.dll
0x000000006a440000 - 0x000000006a44b000 	C:\Users\Mazzzy\AppData\Local\Temp\jogamp_0000\file_cache\jln8481954349077357512\jln2186610900994738040\nativewindow_awt.dll
0x000007fefe6f0000 - 0x000007feff478000 	C:\Windows\system32\SHELL32.dll
0x000000006c100000 - 0x000000006c10b000 	C:\Users\Mazzzy\AppData\Local\Temp\jogamp_0000\file_cache\jln8481954349077357512\jln2186610900994738040\nativewindow_win32.dll
0x000007fee3810000 - 0x000007fee392d000 	C:\Windows\system32\OpenGL32.dll
0x000007fef98e0000 - 0x000007fef990d000 	C:\Windows\system32\GLU32.dll
0x000007fedfbb0000 - 0x000007fedfca1000 	C:\Windows\system32\DDRAW.dll
0x000007fefb9e0000 - 0x000007fefb9e8000 	C:\Windows\system32\DCIMAN32.dll
0x000007feff8f0000 - 0x000007feffac7000 	C:\Windows\system32\SETUPAPI.dll
0x000007fefe1b0000 - 0x000007fefe1e6000 	C:\Windows\system32\CFGMGR32.dll
0x000007fefe1f0000 - 0x000007fefe20a000 	C:\Windows\system32\DEVOBJ.dll
0x0000000064500000 - 0x000000006458b000 	C:\Users\Mazzzy\AppData\Local\Temp\jogamp_0000\file_cache\jln8481954349077357512\jln2186610900994738040\jogl_desktop.dll
0x0000000180000000 - 0x0000000181080000 	C:\Windows\system32\ig7icd64.dll
0x0000000055760000 - 0x0000000055794000 	C:\Program Files\Java\jre7\bin\fontmanager.dll
0x000007fee8ad0000 - 0x000007fee8b0f000 	C:\Program Files\ThinkPad\Bluetooth Software\btmmhook.dll
0x0000000055420000 - 0x0000000055450000 	C:\Program Files\Java\jre7\bin\jpeg.dll
0x00000000553e0000 - 0x0000000055419000 	C:\Program Files\Java\jre7\bin\kcms.dll
0x000007fee41f0000 - 0x000007fee4315000 	C:\Windows\system32\dbghelp.dll

VM Arguments:
jvm_args: -Djava.library.path=C:\Users\Mazzzy\Documents\GitHub\cgUnibe\lib\windows-amd64;C:\Users\Mazzzy\Documents\GitHub\cgUnibe\lib\windows-amd64;C:\Users\Mazzzy\Documents\GitHub\cgUnibe\lib\windows-amd64;C:\Users\Mazzzy\Documents\GitHub\cgUnibe\lib\windows-amd64;C:\Users\Mazzzy\Documents\GitHub\cgUnibe\lib\windows-amd64;C:\Users\Mazzzy\Documents\GitHub\cgUnibe\lib\windows-amd64;C:\Users\Mazzzy\Documents\GitHub\cgUnibe\lib\windows-amd64;C:\Users\Mazzzy\Documents\GitHub\cgUnibe\lib\windows-amd64 -Dfile.encoding=Cp1252 
java_command: Task5.GraphSceneDemo
Launcher Type: SUN_STANDARD

Environment Variables:
PATH=C:\Program Files\Common Files\Microsoft Shared\Windows Live;C:\Program Files (x86)\Common Files\Microsoft Shared\Windows Live;C:\Program Files (x86)\Intel\iCLS Client\;C:\Program Files\Intel\iCLS Client\;C:\Windows\system32;C:\Windows;C:\Windows\System32\Wbem;C:\Windows\System32\WindowsPowerShell\v1.0\;C:\Program Files\ThinkPad\Bluetooth Software\;C:\Program Files\ThinkPad\Bluetooth Software\syswow64;;C:\Program Files\Intel\Intel(R) Management Engine Components\DAL;C:\Program Files\Intel\Intel(R) Management Engine Components\IPT;C:\Program Files (x86)\Intel\Intel(R) Management Engine Components\DAL;C:\Program Files (x86)\Intel\Intel(R) Management Engine Components\IPT;C:\Program Files (x86)\Intel\OpenCL SDK\2.0\bin\x86;C:\Program Files (x86)\Intel\OpenCL SDK\2.0\bin\x64;C:\Program Files\Common Files\Lenovo;C:\Program Files (x86)\Windows Live\Shared;C:\SWTOOLS\ReadyApps;C:\Program Files (x86)\Symantec\VIP Access Client\;C:\Program Files (x86)\Common Files\Lenovo;C:\Program Files\Intel\WiFi\bin\;C:\Program Files\Common Files\Intel\WirelessCommon\;C:\Program Files\Intel\WiFi\bin\;C:\Program Files\Common Files\Intel\WirelessCommon\
USERNAME=Mazzzy
OS=Windows_NT
PROCESSOR_IDENTIFIER=Intel64 Family 6 Model 58 Stepping 9, GenuineIntel



---------------  S Y S T E M  ---------------

OS: Windows 7 , 64 bit Build 7601 Service Pack 1

CPU:total 4 (2 cores per cpu, 2 threads per core) family 6 model 58 stepping 9, cmov, cx8, fxsr, mmx, sse, sse2, sse3, ssse3, sse4.1, sse4.2, popcnt, avx, ht, tsc, tscinvbit, tscinv

Memory: 4k page, physical 8078224k(5056648k free), swap 16154596k(12419704k free)

vm_info: Java HotSpot(TM) 64-Bit Server VM (23.5-b02) for windows-amd64 JRE (1.7.0_09-b05), built on Sep 24 2012 21:45:04 by "java_re" with unknown MS VC++:1600

time: Wed Nov 21 15:20:25 2012
elapsed time: 3 seconds

